

Started GET "/assets/rails.png" for 127.0.0.1 at 2015-07-23 13:27:23 -0700
Connecting to database specified by database.yml
Served asset /rails.png - 200 OK (8ms)


Started GET "/movies" for 127.0.0.1 at 2015-07-23 13:27:26 -0700
Processing by MoviesController#index as HTML
Redirected to http://localhost:3000/movies?ratings%5BG%5D=G&ratings%5BNC-17%5D=NC-17&ratings%5BPG%5D=PG&ratings%5BPG-13%5D=PG-13&ratings%5BR%5D=R&sort=release_date
Completed 302 Found in 1.7ms (ActiveRecord: 0.0ms)


Started GET "/movies?ratings%5BG%5D=G&ratings%5BNC-17%5D=NC-17&ratings%5BPG%5D=PG&ratings%5BPG-13%5D=PG-13&ratings%5BR%5D=R&sort=release_date" for 127.0.0.1 at 2015-07-23 13:27:26 -0700
Processing by MoviesController#index as HTML
  Parameters: {"ratings"=>{"G"=>"G", "NC-17"=>"NC-17", "PG"=>"PG", "PG-13"=>"PG-13", "R"=>"R"}, "sort"=>"release_date"}
  [1m[36mMovie Load (0.5ms)[0m  [1mSELECT "movies".* FROM "movies" WHERE "movies"."rating" IN ('G', 'NC-17', 'PG', 'PG-13', 'R') ORDER BY release_date[0m
  Rendered movies/index.html.haml within layouts/application (16.0ms)
Compiled application.css  (0ms)  (pid 41943)
Compiled jquery.js  (2ms)  (pid 41943)
Compiled jquery_ujs.js  (0ms)  (pid 41943)
Compiled application.js  (30ms)  (pid 41943)
Completed 200 OK in 210.8ms (Views: 151.2ms | ActiveRecord: 2.8ms)


Started GET "/assets/jquery_ujs.js?body=1" for 127.0.0.1 at 2015-07-23 13:27:27 -0700
Served asset /jquery_ujs.js - 200 OK (5ms)


Started GET "/assets/jquery.js?body=1" for 127.0.0.1 at 2015-07-23 13:27:27 -0700
Served asset /jquery.js - 200 OK (1ms)


Started GET "/assets/application.js?body=1" for 127.0.0.1 at 2015-07-23 13:27:27 -0700
Served asset /application.js - 200 OK (4ms)


Started GET "/assets/application.css?body=1" for 127.0.0.1 at 2015-07-23 13:27:27 -0700
Served asset /application.css - 200 OK (2ms)
DEPRECATION WARNING: You didn't set `secret_key_base`. Read the upgrade documentation to learn more about this new config option. (called from service at /Users/siddhantpuri/.rvm/rubies/ruby-2.2.2/lib/ruby/2.2.0/webrick/httpserver.rb:138)


Started GET "/movies?ratings%5BG%5D=G&ratings%5BNC-17%5D=NC-17&ratings%5BPG%5D=PG&ratings%5BPG-13%5D=PG-13&ratings%5BR%5D=R&sort=release_date" for ::1 at 2015-07-23 13:38:28 -0700

NoMethodError (undefined method `whitelist_attributes=' for #<Class:0x007fc3f7803a00>):
  activerecord (4.2.1) lib/active_record/dynamic_matchers.rb:26:in `method_missing'
  activerecord (4.2.1) lib/active_record/railtie.rb:108:in `block (3 levels) in <class:Railtie>'
  activerecord (4.2.1) lib/active_record/railtie.rb:107:in `each'
  activerecord (4.2.1) lib/active_record/railtie.rb:107:in `block (2 levels) in <class:Railtie>'
  activesupport (4.2.1) lib/active_support/lazy_load_hooks.rb:38:in `instance_eval'
  activesupport (4.2.1) lib/active_support/lazy_load_hooks.rb:38:in `execute_hook'
  activesupport (4.2.1) lib/active_support/lazy_load_hooks.rb:45:in `block in run_load_hooks'
  activesupport (4.2.1) lib/active_support/lazy_load_hooks.rb:44:in `each'
  activesupport (4.2.1) lib/active_support/lazy_load_hooks.rb:44:in `run_load_hooks'
  activerecord (4.2.1) lib/active_record/base.rb:316:in `<module:ActiveRecord>'
  activerecord (4.2.1) lib/active_record/base.rb:26:in `<top (required)>'
  activerecord (4.2.1) lib/active_record/connection_adapters/abstract/connection_pool.rb:656:in `rescue in call'
  activerecord (4.2.1) lib/active_record/connection_adapters/abstract/connection_pool.rb:647:in `call'
  actionpack (4.2.1) lib/action_dispatch/middleware/callbacks.rb:29:in `block in call'
  activesupport (4.2.1) lib/active_support/callbacks.rb:88:in `call'
  activesupport (4.2.1) lib/active_support/callbacks.rb:88:in `_run_callbacks'
  activesupport (4.2.1) lib/active_support/callbacks.rb:776:in `_run_call_callbacks'
  activesupport (4.2.1) lib/active_support/callbacks.rb:81:in `run_callbacks'
  actionpack (4.2.1) lib/action_dispatch/middleware/callbacks.rb:27:in `call'
  actionpack (4.2.1) lib/action_dispatch/middleware/reloader.rb:73:in `call'
  actionpack (4.2.1) lib/action_dispatch/middleware/remote_ip.rb:78:in `call'
  actionpack (4.2.1) lib/action_dispatch/middleware/debug_exceptions.rb:17:in `call'
  actionpack (4.2.1) lib/action_dispatch/middleware/show_exceptions.rb:30:in `call'
  railties (4.2.1) lib/rails/rack/logger.rb:38:in `call_app'
  railties (4.2.1) lib/rails/rack/logger.rb:20:in `block in call'
  activesupport (4.2.1) lib/active_support/tagged_logging.rb:68:in `block in tagged'
  activesupport (4.2.1) lib/active_support/tagged_logging.rb:26:in `tagged'
  activesupport (4.2.1) lib/active_support/tagged_logging.rb:68:in `tagged'
  railties (4.2.1) lib/rails/rack/logger.rb:20:in `call'
  actionpack (4.2.1) lib/action_dispatch/middleware/request_id.rb:21:in `call'
  rack (1.6.4) lib/rack/methodoverride.rb:22:in `call'
  rack (1.6.4) lib/rack/runtime.rb:18:in `call'
  activesupport (4.2.1) lib/active_support/cache/strategy/local_cache_middleware.rb:28:in `call'
  rack (1.6.4) lib/rack/lock.rb:17:in `call'
  actionpack (4.2.1) lib/action_dispatch/middleware/static.rb:113:in `call'
  rack (1.6.4) lib/rack/sendfile.rb:113:in `call'
  railties (4.2.1) lib/rails/engine.rb:518:in `call'
  railties (4.2.1) lib/rails/application.rb:164:in `call'
  rack (1.6.4) lib/rack/lock.rb:17:in `call'
  rack (1.6.4) lib/rack/content_length.rb:15:in `call'
  rack (1.6.4) lib/rack/handler/webrick.rb:88:in `service'
  /Users/siddhantpuri/.rvm/rubies/ruby-2.2.2/lib/ruby/2.2.0/webrick/httpserver.rb:138:in `service'
  /Users/siddhantpuri/.rvm/rubies/ruby-2.2.2/lib/ruby/2.2.0/webrick/httpserver.rb:94:in `run'
  /Users/siddhantpuri/.rvm/rubies/ruby-2.2.2/lib/ruby/2.2.0/webrick/server.rb:294:in `block in start_thread'


  Rendered /Users/siddhantpuri/.rvm/gems/ruby-2.2.2/gems/actionpack-4.2.1/lib/action_dispatch/middleware/templates/rescues/_source.erb (3.0ms)
  Rendered /Users/siddhantpuri/.rvm/gems/ruby-2.2.2/gems/actionpack-4.2.1/lib/action_dispatch/middleware/templates/rescues/_trace.html.erb (1.6ms)
  Rendered /Users/siddhantpuri/.rvm/gems/ruby-2.2.2/gems/actionpack-4.2.1/lib/action_dispatch/middleware/templates/rescues/_request_and_response.html.erb (1.7ms)
  Rendered /Users/siddhantpuri/.rvm/gems/ruby-2.2.2/gems/actionpack-4.2.1/lib/action_dispatch/middleware/templates/rescues/diagnostics.html.erb within rescues/layout (67.5ms)
DEPRECATION WARNING: You didn't set `secret_key_base`. Read the upgrade documentation to learn more about this new config option. (called from service at /Users/siddhantpuri/.rvm/rubies/ruby-2.2.2/lib/ruby/2.2.0/webrick/httpserver.rb:138)


Started GET "/movies?ratings%5BG%5D=G&ratings%5BNC-17%5D=NC-17&ratings%5BPG%5D=PG&ratings%5BPG-13%5D=PG-13&ratings%5BR%5D=R&sort=release_date" for ::1 at 2015-07-23 13:39:49 -0700
Processing by MoviesController#index as HTML
  Parameters: {"ratings"=>{"G"=>"G", "NC-17"=>"NC-17", "PG"=>"PG", "PG-13"=>"PG-13", "R"=>"R"}, "sort"=>"release_date"}
Completed 500 Internal Server Error in 47ms (ActiveRecord: 1.6ms)

NoMethodError (undefined method `attr_accessible' for #<Class:0x007fc5e1841760>):
  app/models/movie.rb:2:in `<class:Movie>'
  app/models/movie.rb:1:in `<top (required)>'
  app/controllers/movies_controller.rb:17:in `index'


  Rendered /Users/siddhantpuri/.rvm/gems/ruby-2.2.2/gems/actionpack-4.2.1/lib/action_dispatch/middleware/templates/rescues/_source.erb (8.1ms)
  Rendered /Users/siddhantpuri/.rvm/gems/ruby-2.2.2/gems/actionpack-4.2.1/lib/action_dispatch/middleware/templates/rescues/_trace.html.erb (2.4ms)
  Rendered /Users/siddhantpuri/.rvm/gems/ruby-2.2.2/gems/actionpack-4.2.1/lib/action_dispatch/middleware/templates/rescues/_request_and_response.html.erb (4.3ms)
  Rendered /Users/siddhantpuri/.rvm/gems/ruby-2.2.2/gems/actionpack-4.2.1/lib/action_dispatch/middleware/templates/rescues/diagnostics.html.erb within rescues/layout (74.3ms)


Started GET "/movies?ratings%5BG%5D=G&ratings%5BNC-17%5D=NC-17&ratings%5BPG%5D=PG&ratings%5BPG-13%5D=PG-13&ratings%5BR%5D=R&sort=release_date" for ::1 at 2015-07-23 13:39:50 -0700
Processing by MoviesController#index as HTML
  Parameters: {"ratings"=>{"G"=>"G", "NC-17"=>"NC-17", "PG"=>"PG", "PG-13"=>"PG-13", "R"=>"R"}, "sort"=>"release_date"}
Completed 500 Internal Server Error in 3ms (ActiveRecord: 0.0ms)

NoMethodError (undefined method `attr_accessible' for #<Class:0x007fc5e59a3730>):
  app/models/movie.rb:2:in `<class:Movie>'
  app/models/movie.rb:1:in `<top (required)>'
  app/controllers/movies_controller.rb:17:in `index'


  Rendered /Users/siddhantpuri/.rvm/gems/ruby-2.2.2/gems/actionpack-4.2.1/lib/action_dispatch/middleware/templates/rescues/_source.erb (5.3ms)
  Rendered /Users/siddhantpuri/.rvm/gems/ruby-2.2.2/gems/actionpack-4.2.1/lib/action_dispatch/middleware/templates/rescues/_trace.html.erb (3.8ms)
  Rendered /Users/siddhantpuri/.rvm/gems/ruby-2.2.2/gems/actionpack-4.2.1/lib/action_dispatch/middleware/templates/rescues/_request_and_response.html.erb (2.9ms)
  Rendered /Users/siddhantpuri/.rvm/gems/ruby-2.2.2/gems/actionpack-4.2.1/lib/action_dispatch/middleware/templates/rescues/diagnostics.html.erb within rescues/layout (69.0ms)


Started GET "/movies?ratings%5BG%5D=G&ratings%5BNC-17%5D=NC-17&ratings%5BPG%5D=PG&ratings%5BPG-13%5D=PG-13&ratings%5BR%5D=R&sort=release_date" for ::1 at 2015-07-23 13:39:50 -0700
Processing by MoviesController#index as HTML
  Parameters: {"ratings"=>{"G"=>"G", "NC-17"=>"NC-17", "PG"=>"PG", "PG-13"=>"PG-13", "R"=>"R"}, "sort"=>"release_date"}
Completed 500 Internal Server Error in 3ms (ActiveRecord: 0.3ms)

NoMethodError (undefined method `attr_accessible' for #<Class:0x007fc5e50a1a60>):
  app/models/movie.rb:2:in `<class:Movie>'
  app/models/movie.rb:1:in `<top (required)>'
  app/controllers/movies_controller.rb:17:in `index'


  Rendered /Users/siddhantpuri/.rvm/gems/ruby-2.2.2/gems/actionpack-4.2.1/lib/action_dispatch/middleware/templates/rescues/_source.erb (7.5ms)
  Rendered /Users/siddhantpuri/.rvm/gems/ruby-2.2.2/gems/actionpack-4.2.1/lib/action_dispatch/middleware/templates/rescues/_trace.html.erb (2.2ms)
  Rendered /Users/siddhantpuri/.rvm/gems/ruby-2.2.2/gems/actionpack-4.2.1/lib/action_dispatch/middleware/templates/rescues/_request_and_response.html.erb (2.0ms)
  Rendered /Users/siddhantpuri/.rvm/gems/ruby-2.2.2/gems/actionpack-4.2.1/lib/action_dispatch/middleware/templates/rescues/diagnostics.html.erb within rescues/layout (63.1ms)
DEPRECATION WARNING: You didn't set `secret_key_base`. Read the upgrade documentation to learn more about this new config option. (called from service at /Users/siddhantpuri/.rvm/rubies/ruby-2.2.2/lib/ruby/2.2.0/webrick/httpserver.rb:138)


Started GET "/movies?ratings%5BG%5D=G&ratings%5BNC-17%5D=NC-17&ratings%5BPG%5D=PG&ratings%5BPG-13%5D=PG-13&ratings%5BR%5D=R&sort=release_date" for ::1 at 2015-07-23 13:43:45 -0700
Processing by MoviesController#index as HTML
  Parameters: {"ratings"=>{"G"=>"G", "NC-17"=>"NC-17", "PG"=>"PG", "PG-13"=>"PG-13", "R"=>"R"}, "sort"=>"release_date"}
Completed 500 Internal Server Error in 13ms (ActiveRecord: 0.0ms)

NoMethodError (undefined method `find_all_by_rating' for #<Class:0x007f97c7ac2f68>):
  app/controllers/movies_controller.rb:29:in `index'


  Rendered /Users/siddhantpuri/.rvm/gems/ruby-2.2.2/gems/actionpack-4.2.1/lib/action_dispatch/middleware/templates/rescues/_source.erb (8.6ms)
  Rendered /Users/siddhantpuri/.rvm/gems/ruby-2.2.2/gems/actionpack-4.2.1/lib/action_dispatch/middleware/templates/rescues/_trace.html.erb (2.7ms)
  Rendered /Users/siddhantpuri/.rvm/gems/ruby-2.2.2/gems/actionpack-4.2.1/lib/action_dispatch/middleware/templates/rescues/_request_and_response.html.erb (2.0ms)
  Rendered /Users/siddhantpuri/.rvm/gems/ruby-2.2.2/gems/actionpack-4.2.1/lib/action_dispatch/middleware/templates/rescues/diagnostics.html.erb within rescues/layout (69.9ms)


Started GET "/movies?ratings%5BG%5D=G&ratings%5BNC-17%5D=NC-17&ratings%5BPG%5D=PG&ratings%5BPG-13%5D=PG-13&ratings%5BR%5D=R&sort=release_date" for ::1 at 2015-07-23 13:50:38 -0700
Processing by MoviesController#index as HTML
  Parameters: {"ratings"=>{"G"=>"G", "NC-17"=>"NC-17", "PG"=>"PG", "PG-13"=>"PG-13", "R"=>"R"}, "sort"=>"release_date"}
Completed 500 Internal Server Error in 16ms (ActiveRecord: 0.0ms)

NoMethodError (undefined method `find_all_by_rating' for #<Class:0x007ff3af85a3b8>):
  app/controllers/movies_controller.rb:29:in `index'


  Rendered /Users/siddhantpuri/.rvm/gems/ruby-2.2.2/gems/actionpack-4.2.1/lib/action_dispatch/middleware/templates/rescues/_source.erb (4.0ms)
  Rendered /Users/siddhantpuri/.rvm/gems/ruby-2.2.2/gems/actionpack-4.2.1/lib/action_dispatch/middleware/templates/rescues/_trace.html.erb (2.9ms)
  Rendered /Users/siddhantpuri/.rvm/gems/ruby-2.2.2/gems/actionpack-4.2.1/lib/action_dispatch/middleware/templates/rescues/_request_and_response.html.erb (1.0ms)
  Rendered /Users/siddhantpuri/.rvm/gems/ruby-2.2.2/gems/actionpack-4.2.1/lib/action_dispatch/middleware/templates/rescues/diagnostics.html.erb within rescues/layout (70.4ms)


Started GET "/movies?ratings%5BG%5D=G&ratings%5BNC-17%5D=NC-17&ratings%5BPG%5D=PG&ratings%5BPG-13%5D=PG-13&ratings%5BR%5D=R&sort=release_date" for ::1 at 2015-07-23 13:50:39 -0700
Processing by MoviesController#index as HTML
  Parameters: {"ratings"=>{"G"=>"G", "NC-17"=>"NC-17", "PG"=>"PG", "PG-13"=>"PG-13", "R"=>"R"}, "sort"=>"release_date"}
Completed 500 Internal Server Error in 1ms (ActiveRecord: 0.0ms)

NoMethodError (undefined method `find_all_by_rating' for #<Class:0x007ff3af85a3b8>):
  app/controllers/movies_controller.rb:29:in `index'


  Rendered /Users/siddhantpuri/.rvm/gems/ruby-2.2.2/gems/actionpack-4.2.1/lib/action_dispatch/middleware/templates/rescues/_source.erb (4.6ms)
  Rendered /Users/siddhantpuri/.rvm/gems/ruby-2.2.2/gems/actionpack-4.2.1/lib/action_dispatch/middleware/templates/rescues/_trace.html.erb (3.0ms)
  Rendered /Users/siddhantpuri/.rvm/gems/ruby-2.2.2/gems/actionpack-4.2.1/lib/action_dispatch/middleware/templates/rescues/_request_and_response.html.erb (1.1ms)
  Rendered /Users/siddhantpuri/.rvm/gems/ruby-2.2.2/gems/actionpack-4.2.1/lib/action_dispatch/middleware/templates/rescues/diagnostics.html.erb within rescues/layout (60.8ms)


Started GET "/movies?ratings%5BG%5D=G&ratings%5BNC-17%5D=NC-17&ratings%5BPG%5D=PG&ratings%5BPG-13%5D=PG-13&ratings%5BR%5D=R&sort=release_date" for ::1 at 2015-07-23 13:50:40 -0700
Processing by MoviesController#index as HTML
  Parameters: {"ratings"=>{"G"=>"G", "NC-17"=>"NC-17", "PG"=>"PG", "PG-13"=>"PG-13", "R"=>"R"}, "sort"=>"release_date"}
Completed 500 Internal Server Error in 10ms (ActiveRecord: 0.0ms)

NoMethodError (undefined method `find_all_by_rating' for #<Class:0x007ff3af85a3b8>):
  app/controllers/movies_controller.rb:29:in `index'


  Rendered /Users/siddhantpuri/.rvm/gems/ruby-2.2.2/gems/actionpack-4.2.1/lib/action_dispatch/middleware/templates/rescues/_source.erb (7.0ms)
  Rendered /Users/siddhantpuri/.rvm/gems/ruby-2.2.2/gems/actionpack-4.2.1/lib/action_dispatch/middleware/templates/rescues/_trace.html.erb (9.0ms)
  Rendered /Users/siddhantpuri/.rvm/gems/ruby-2.2.2/gems/actionpack-4.2.1/lib/action_dispatch/middleware/templates/rescues/_request_and_response.html.erb (1.9ms)
  Rendered /Users/siddhantpuri/.rvm/gems/ruby-2.2.2/gems/actionpack-4.2.1/lib/action_dispatch/middleware/templates/rescues/diagnostics.html.erb within rescues/layout (98.5ms)


Started GET "/movies?ratings%5BG%5D=G&ratings%5BNC-17%5D=NC-17&ratings%5BPG%5D=PG&ratings%5BPG-13%5D=PG-13&ratings%5BR%5D=R&sort=release_date" for ::1 at 2015-07-23 13:54:49 -0700
Processing by MoviesController#index as HTML
  Parameters: {"ratings"=>{"G"=>"G", "NC-17"=>"NC-17", "PG"=>"PG", "PG-13"=>"PG-13", "R"=>"R"}, "sort"=>"release_date"}
Completed 500 Internal Server Error in 10ms (ActiveRecord: 0.0ms)

ArgumentError (Direction "release_date" is invalid. Valid directions are: [:asc, :desc, :ASC, :DESC, "asc", "desc", "ASC", "DESC"]):
  app/controllers/movies_controller.rb:29:in `index'


  Rendered /Users/siddhantpuri/.rvm/gems/ruby-2.2.2/gems/actionpack-4.2.1/lib/action_dispatch/middleware/templates/rescues/_source.erb (4.5ms)
  Rendered /Users/siddhantpuri/.rvm/gems/ruby-2.2.2/gems/actionpack-4.2.1/lib/action_dispatch/middleware/templates/rescues/_trace.html.erb (2.0ms)
  Rendered /Users/siddhantpuri/.rvm/gems/ruby-2.2.2/gems/actionpack-4.2.1/lib/action_dispatch/middleware/templates/rescues/_request_and_response.html.erb (1.4ms)
  Rendered /Users/siddhantpuri/.rvm/gems/ruby-2.2.2/gems/actionpack-4.2.1/lib/action_dispatch/middleware/templates/rescues/diagnostics.html.erb within rescues/layout (67.0ms)


Started GET "/movies?ratings%5BG%5D=G&ratings%5BNC-17%5D=NC-17&ratings%5BPG%5D=PG&ratings%5BPG-13%5D=PG-13&ratings%5BR%5D=R&sort=release_date" for ::1 at 2015-07-23 13:55:09 -0700
Processing by MoviesController#index as HTML
  Parameters: {"ratings"=>{"G"=>"G", "NC-17"=>"NC-17", "PG"=>"PG", "PG-13"=>"PG-13", "R"=>"R"}, "sort"=>"release_date"}
Completed 500 Internal Server Error in 2ms (ActiveRecord: 0.0ms)

ArgumentError (Direction "release_date" is invalid. Valid directions are: [:asc, :desc, :ASC, :DESC, "asc", "desc", "ASC", "DESC"]):
  app/controllers/movies_controller.rb:29:in `index'


  Rendered /Users/siddhantpuri/.rvm/gems/ruby-2.2.2/gems/actionpack-4.2.1/lib/action_dispatch/middleware/templates/rescues/_source.erb (4.6ms)
  Rendered /Users/siddhantpuri/.rvm/gems/ruby-2.2.2/gems/actionpack-4.2.1/lib/action_dispatch/middleware/templates/rescues/_trace.html.erb (1.9ms)
  Rendered /Users/siddhantpuri/.rvm/gems/ruby-2.2.2/gems/actionpack-4.2.1/lib/action_dispatch/middleware/templates/rescues/_request_and_response.html.erb (0.9ms)
  Rendered /Users/siddhantpuri/.rvm/gems/ruby-2.2.2/gems/actionpack-4.2.1/lib/action_dispatch/middleware/templates/rescues/diagnostics.html.erb within rescues/layout (65.4ms)


Started GET "/movies?ratings%5BG%5D=G&ratings%5BNC-17%5D=NC-17&ratings%5BPG%5D=PG&ratings%5BPG-13%5D=PG-13&ratings%5BR%5D=R&sort=release_date" for ::1 at 2015-07-23 13:55:10 -0700
Processing by MoviesController#index as HTML
  Parameters: {"ratings"=>{"G"=>"G", "NC-17"=>"NC-17", "PG"=>"PG", "PG-13"=>"PG-13", "R"=>"R"}, "sort"=>"release_date"}
Completed 500 Internal Server Error in 1ms (ActiveRecord: 0.0ms)

ArgumentError (Direction "release_date" is invalid. Valid directions are: [:asc, :desc, :ASC, :DESC, "asc", "desc", "ASC", "DESC"]):
  app/controllers/movies_controller.rb:29:in `index'


  Rendered /Users/siddhantpuri/.rvm/gems/ruby-2.2.2/gems/actionpack-4.2.1/lib/action_dispatch/middleware/templates/rescues/_source.erb (4.1ms)
  Rendered /Users/siddhantpuri/.rvm/gems/ruby-2.2.2/gems/actionpack-4.2.1/lib/action_dispatch/middleware/templates/rescues/_trace.html.erb (2.0ms)
  Rendered /Users/siddhantpuri/.rvm/gems/ruby-2.2.2/gems/actionpack-4.2.1/lib/action_dispatch/middleware/templates/rescues/_request_and_response.html.erb (2.3ms)
  Rendered /Users/siddhantpuri/.rvm/gems/ruby-2.2.2/gems/actionpack-4.2.1/lib/action_dispatch/middleware/templates/rescues/diagnostics.html.erb within rescues/layout (61.3ms)


Started GET "/movies?ratings%5BG%5D=G&ratings%5BNC-17%5D=NC-17&ratings%5BPG%5D=PG&ratings%5BPG-13%5D=PG-13&ratings%5BR%5D=R&sort=release_date" for ::1 at 2015-07-23 13:55:10 -0700
Processing by MoviesController#index as HTML
  Parameters: {"ratings"=>{"G"=>"G", "NC-17"=>"NC-17", "PG"=>"PG", "PG-13"=>"PG-13", "R"=>"R"}, "sort"=>"release_date"}
Completed 500 Internal Server Error in 2ms (ActiveRecord: 0.0ms)

ArgumentError (Direction "release_date" is invalid. Valid directions are: [:asc, :desc, :ASC, :DESC, "asc", "desc", "ASC", "DESC"]):
  app/controllers/movies_controller.rb:29:in `index'


  Rendered /Users/siddhantpuri/.rvm/gems/ruby-2.2.2/gems/actionpack-4.2.1/lib/action_dispatch/middleware/templates/rescues/_source.erb (4.2ms)
  Rendered /Users/siddhantpuri/.rvm/gems/ruby-2.2.2/gems/actionpack-4.2.1/lib/action_dispatch/middleware/templates/rescues/_trace.html.erb (8.4ms)
  Rendered /Users/siddhantpuri/.rvm/gems/ruby-2.2.2/gems/actionpack-4.2.1/lib/action_dispatch/middleware/templates/rescues/_request_and_response.html.erb (0.9ms)
  Rendered /Users/siddhantpuri/.rvm/gems/ruby-2.2.2/gems/actionpack-4.2.1/lib/action_dispatch/middleware/templates/rescues/diagnostics.html.erb within rescues/layout (66.0ms)


Started GET "/movies?ratings%5BG%5D=G&ratings%5BNC-17%5D=NC-17&ratings%5BPG%5D=PG&ratings%5BPG-13%5D=PG-13&ratings%5BR%5D=R&sort=release_date" for ::1 at 2015-07-23 13:55:37 -0700
Processing by MoviesController#index as HTML
  Parameters: {"ratings"=>{"G"=>"G", "NC-17"=>"NC-17", "PG"=>"PG", "PG-13"=>"PG-13", "R"=>"R"}, "sort"=>"release_date"}
  [1m[36mMovie Load (0.2ms)[0m  [1mSELECT "movies".* FROM "movies" WHERE "movies"."raing" IN ('G', 'NC-17', 'PG', 'PG-13', 'R')  ORDER BY "movies"."release_date" ASC[0m
SQLite3::SQLException: no such column: movies.raing: SELECT "movies".* FROM "movies" WHERE "movies"."raing" IN ('G', 'NC-17', 'PG', 'PG-13', 'R')  ORDER BY "movies"."release_date" ASC
  Rendered movies/index.html.haml within layouts/application (16.5ms)
Completed 500 Internal Server Error in 26ms (ActiveRecord: 0.7ms)

ActionView::Template::Error (SQLite3::SQLException: no such column: movies.raing: SELECT "movies".* FROM "movies" WHERE "movies"."raing" IN ('G', 'NC-17', 'PG', 'PG-13', 'R')  ORDER BY "movies"."release_date" ASC):
    18:       %th{:class => @date_header}= link_to 'Release Date', movies_path(:sort => 'release_date', :ratings => @selected_ratings), :id => 'release_date_header'
    19:       %th More Info
    20:   %tbody
    21:     - @movies.each do |movie|
    22:       %tr
    23:         %td= movie.title 
    24:         %td= movie.rating
  app/views/movies/index.html.haml:21:in `_app_views_movies_index_html_haml___2393803234402044519_70342312905280'


  Rendered /Users/siddhantpuri/.rvm/gems/ruby-2.2.2/gems/actionpack-4.2.1/lib/action_dispatch/middleware/templates/rescues/_source.erb (6.9ms)
  Rendered /Users/siddhantpuri/.rvm/gems/ruby-2.2.2/gems/actionpack-4.2.1/lib/action_dispatch/middleware/templates/rescues/_trace.html.erb (6.0ms)
  Rendered /Users/siddhantpuri/.rvm/gems/ruby-2.2.2/gems/actionpack-4.2.1/lib/action_dispatch/middleware/templates/rescues/_request_and_response.html.erb (1.7ms)
  Rendered /Users/siddhantpuri/.rvm/gems/ruby-2.2.2/gems/actionpack-4.2.1/lib/action_dispatch/middleware/templates/rescues/template_error.html.erb within rescues/layout (69.7ms)
  [1m[36mActiveRecord::SchemaMigration Load (0.1ms)[0m  [1mSELECT "schema_migrations".* FROM "schema_migrations"[0m
  [1m[35mActiveRecord::SchemaMigration Load (0.1ms)[0m  SELECT "schema_migrations".* FROM "schema_migrations"
  [1m[36mActiveRecord::SchemaMigration Load (0.1ms)[0m  [1mSELECT "schema_migrations".* FROM "schema_migrations"[0m
  [1m[35m (0.1ms)[0m  begin transaction
  [1m[36mSQL (1.4ms)[0m  [1mINSERT INTO "movies" ("title", "rating", "release_date", "created_at", "updated_at") VALUES (?, ?, ?, ?, ?)[0m  [["title", "Aladdin"], ["rating", "G"], ["release_date", "1992-11-25 00:00:00.000000"], ["created_at", "2015-07-23 20:56:17.941173"], ["updated_at", "2015-07-23 20:56:17.941173"]]
  [1m[35m (0.9ms)[0m  commit transaction
  [1m[36m (0.1ms)[0m  [1mbegin transaction[0m
  [1m[35mSQL (0.4ms)[0m  INSERT INTO "movies" ("title", "rating", "release_date", "created_at", "updated_at") VALUES (?, ?, ?, ?, ?)  [["title", "The Terminator"], ["rating", "R"], ["release_date", "1984-10-26 00:00:00.000000"], ["created_at", "2015-07-23 20:56:17.950814"], ["updated_at", "2015-07-23 20:56:17.950814"]]
  [1m[36m (1.0ms)[0m  [1mcommit transaction[0m
  [1m[35m (0.1ms)[0m  begin transaction
  [1m[36mSQL (0.4ms)[0m  [1mINSERT INTO "movies" ("title", "rating", "release_date", "created_at", "updated_at") VALUES (?, ?, ?, ?, ?)[0m  [["title", "When Harry Met Sally"], ["rating", "R"], ["release_date", "1989-07-21 00:00:00.000000"], ["created_at", "2015-07-23 20:56:17.954874"], ["updated_at", "2015-07-23 20:56:17.954874"]]
  [1m[35m (1.0ms)[0m  commit transaction
  [1m[36m (0.1ms)[0m  [1mbegin transaction[0m
  [1m[35mSQL (0.2ms)[0m  INSERT INTO "movies" ("title", "rating", "release_date", "created_at", "updated_at") VALUES (?, ?, ?, ?, ?)  [["title", "The Help"], ["rating", "PG-13"], ["release_date", "2011-08-10 00:00:00.000000"], ["created_at", "2015-07-23 20:56:17.959412"], ["updated_at", "2015-07-23 20:56:17.959412"]]
  [1m[36m (0.6ms)[0m  [1mcommit transaction[0m
  [1m[35m (0.1ms)[0m  begin transaction
  [1m[36mSQL (0.3ms)[0m  [1mINSERT INTO "movies" ("title", "rating", "release_date", "created_at", "updated_at") VALUES (?, ?, ?, ?, ?)[0m  [["title", "Chocolat"], ["rating", "PG-13"], ["release_date", "2001-01-05 00:00:00.000000"], ["created_at", "2015-07-23 20:56:17.962009"], ["updated_at", "2015-07-23 20:56:17.962009"]]
  [1m[35m (0.7ms)[0m  commit transaction
  [1m[36m (0.0ms)[0m  [1mbegin transaction[0m
  [1m[35mSQL (0.3ms)[0m  INSERT INTO "movies" ("title", "rating", "release_date", "created_at", "updated_at") VALUES (?, ?, ?, ?, ?)  [["title", "Amelie"], ["rating", "R"], ["release_date", "2001-04-25 00:00:00.000000"], ["created_at", "2015-07-23 20:56:17.964574"], ["updated_at", "2015-07-23 20:56:17.964574"]]
  [1m[36m (0.7ms)[0m  [1mcommit transaction[0m
  [1m[35m (0.1ms)[0m  begin transaction
  [1m[36mSQL (0.2ms)[0m  [1mINSERT INTO "movies" ("title", "rating", "release_date", "created_at", "updated_at") VALUES (?, ?, ?, ?, ?)[0m  [["title", "2001: A Space Odyssey"], ["rating", "G"], ["release_date", "1968-04-06 00:00:00.000000"], ["created_at", "2015-07-23 20:56:17.967046"], ["updated_at", "2015-07-23 20:56:17.967046"]]
  [1m[35m (0.6ms)[0m  commit transaction
  [1m[36m (0.1ms)[0m  [1mbegin transaction[0m
  [1m[35mSQL (0.2ms)[0m  INSERT INTO "movies" ("title", "rating", "release_date", "created_at", "updated_at") VALUES (?, ?, ?, ?, ?)  [["title", "The Incredibles"], ["rating", "PG"], ["release_date", "2004-11-05 00:00:00.000000"], ["created_at", "2015-07-23 20:56:17.969312"], ["updated_at", "2015-07-23 20:56:17.969312"]]
  [1m[36m (0.6ms)[0m  [1mcommit transaction[0m
  [1m[35m (0.1ms)[0m  begin transaction
  [1m[36mSQL (0.2ms)[0m  [1mINSERT INTO "movies" ("title", "rating", "release_date", "created_at", "updated_at") VALUES (?, ?, ?, ?, ?)[0m  [["title", "Raiders of the Lost Ark"], ["rating", "PG"], ["release_date", "1981-06-12 00:00:00.000000"], ["created_at", "2015-07-23 20:56:17.971769"], ["updated_at", "2015-07-23 20:56:17.971769"]]
  [1m[35m (0.7ms)[0m  commit transaction
  [1m[36m (0.0ms)[0m  [1mbegin transaction[0m
  [1m[35mSQL (0.2ms)[0m  INSERT INTO "movies" ("title", "rating", "release_date", "created_at", "updated_at") VALUES (?, ?, ?, ?, ?)  [["title", "Chicken Run"], ["rating", "G"], ["release_date", "2000-06-21 00:00:00.000000"], ["created_at", "2015-07-23 20:56:17.973961"], ["updated_at", "2015-07-23 20:56:17.973961"]]
  [1m[36m (0.6ms)[0m  [1mcommit transaction[0m


Started GET "/movies?ratings%5BG%5D=G&ratings%5BNC-17%5D=NC-17&ratings%5BPG%5D=PG&ratings%5BPG-13%5D=PG-13&ratings%5BR%5D=R&sort=release_date" for ::1 at 2015-07-23 13:56:27 -0700
Processing by MoviesController#index as HTML
  Parameters: {"ratings"=>{"G"=>"G", "NC-17"=>"NC-17", "PG"=>"PG", "PG-13"=>"PG-13", "R"=>"R"}, "sort"=>"release_date"}
  [1m[36mMovie Load (0.5ms)[0m  [1mSELECT "movies".* FROM "movies" WHERE "movies"."raing" IN ('G', 'NC-17', 'PG', 'PG-13', 'R')  ORDER BY "movies"."release_date" ASC[0m
SQLite3::SQLException: no such column: movies.raing: SELECT "movies".* FROM "movies" WHERE "movies"."raing" IN ('G', 'NC-17', 'PG', 'PG-13', 'R')  ORDER BY "movies"."release_date" ASC
  Rendered movies/index.html.haml within layouts/application (18.9ms)
Completed 500 Internal Server Error in 42ms (ActiveRecord: 2.1ms)

ActionView::Template::Error (SQLite3::SQLException: no such column: movies.raing: SELECT "movies".* FROM "movies" WHERE "movies"."raing" IN ('G', 'NC-17', 'PG', 'PG-13', 'R')  ORDER BY "movies"."release_date" ASC):
    18:       %th{:class => @date_header}= link_to 'Release Date', movies_path(:sort => 'release_date', :ratings => @selected_ratings), :id => 'release_date_header'
    19:       %th More Info
    20:   %tbody
    21:     - @movies.each do |movie|
    22:       %tr
    23:         %td= movie.title 
    24:         %td= movie.rating
  app/views/movies/index.html.haml:21:in `_app_views_movies_index_html_haml__3867729511746276783_70131320677280'


  Rendered /Users/siddhantpuri/.rvm/gems/ruby-2.2.2/gems/actionpack-4.2.1/lib/action_dispatch/middleware/templates/rescues/_source.erb (11.4ms)
  Rendered /Users/siddhantpuri/.rvm/gems/ruby-2.2.2/gems/actionpack-4.2.1/lib/action_dispatch/middleware/templates/rescues/_trace.html.erb (21.3ms)
  Rendered /Users/siddhantpuri/.rvm/gems/ruby-2.2.2/gems/actionpack-4.2.1/lib/action_dispatch/middleware/templates/rescues/_request_and_response.html.erb (0.9ms)
  Rendered /Users/siddhantpuri/.rvm/gems/ruby-2.2.2/gems/actionpack-4.2.1/lib/action_dispatch/middleware/templates/rescues/template_error.html.erb within rescues/layout (83.1ms)


Started GET "/movies?ratings%5BG%5D=G&ratings%5BNC-17%5D=NC-17&ratings%5BPG%5D=PG&ratings%5BPG-13%5D=PG-13&ratings%5BR%5D=R&sort=release_date" for ::1 at 2015-07-23 13:56:28 -0700
Processing by MoviesController#index as HTML
  Parameters: {"ratings"=>{"G"=>"G", "NC-17"=>"NC-17", "PG"=>"PG", "PG-13"=>"PG-13", "R"=>"R"}, "sort"=>"release_date"}
  [1m[35mMovie Load (0.3ms)[0m  SELECT "movies".* FROM "movies" WHERE "movies"."raing" IN ('G', 'NC-17', 'PG', 'PG-13', 'R')  ORDER BY "movies"."release_date" ASC
SQLite3::SQLException: no such column: movies.raing: SELECT "movies".* FROM "movies" WHERE "movies"."raing" IN ('G', 'NC-17', 'PG', 'PG-13', 'R')  ORDER BY "movies"."release_date" ASC
  Rendered movies/index.html.haml within layouts/application (3.0ms)
Completed 500 Internal Server Error in 7ms (ActiveRecord: 0.3ms)

ActionView::Template::Error (SQLite3::SQLException: no such column: movies.raing: SELECT "movies".* FROM "movies" WHERE "movies"."raing" IN ('G', 'NC-17', 'PG', 'PG-13', 'R')  ORDER BY "movies"."release_date" ASC):
    18:       %th{:class => @date_header}= link_to 'Release Date', movies_path(:sort => 'release_date', :ratings => @selected_ratings), :id => 'release_date_header'
    19:       %th More Info
    20:   %tbody
    21:     - @movies.each do |movie|
    22:       %tr
    23:         %td= movie.title 
    24:         %td= movie.rating
  app/views/movies/index.html.haml:21:in `_app_views_movies_index_html_haml__3867729511746276783_70131320677280'


  Rendered /Users/siddhantpuri/.rvm/gems/ruby-2.2.2/gems/actionpack-4.2.1/lib/action_dispatch/middleware/templates/rescues/_source.erb (10.5ms)
  Rendered /Users/siddhantpuri/.rvm/gems/ruby-2.2.2/gems/actionpack-4.2.1/lib/action_dispatch/middleware/templates/rescues/_trace.html.erb (2.6ms)
  Rendered /Users/siddhantpuri/.rvm/gems/ruby-2.2.2/gems/actionpack-4.2.1/lib/action_dispatch/middleware/templates/rescues/_request_and_response.html.erb (1.2ms)
  Rendered /Users/siddhantpuri/.rvm/gems/ruby-2.2.2/gems/actionpack-4.2.1/lib/action_dispatch/middleware/templates/rescues/template_error.html.erb within rescues/layout (65.0ms)


Started GET "/movies?ratings%5BG%5D=G&ratings%5BNC-17%5D=NC-17&ratings%5BPG%5D=PG&ratings%5BPG-13%5D=PG-13&ratings%5BR%5D=R&sort=release_date" for ::1 at 2015-07-23 13:56:29 -0700
Processing by MoviesController#index as HTML
  Parameters: {"ratings"=>{"G"=>"G", "NC-17"=>"NC-17", "PG"=>"PG", "PG-13"=>"PG-13", "R"=>"R"}, "sort"=>"release_date"}
  [1m[36mMovie Load (0.3ms)[0m  [1mSELECT "movies".* FROM "movies" WHERE "movies"."raing" IN ('G', 'NC-17', 'PG', 'PG-13', 'R')  ORDER BY "movies"."release_date" ASC[0m
SQLite3::SQLException: no such column: movies.raing: SELECT "movies".* FROM "movies" WHERE "movies"."raing" IN ('G', 'NC-17', 'PG', 'PG-13', 'R')  ORDER BY "movies"."release_date" ASC
  Rendered movies/index.html.haml within layouts/application (3.4ms)
Completed 500 Internal Server Error in 8ms (ActiveRecord: 0.3ms)

ActionView::Template::Error (SQLite3::SQLException: no such column: movies.raing: SELECT "movies".* FROM "movies" WHERE "movies"."raing" IN ('G', 'NC-17', 'PG', 'PG-13', 'R')  ORDER BY "movies"."release_date" ASC):
    18:       %th{:class => @date_header}= link_to 'Release Date', movies_path(:sort => 'release_date', :ratings => @selected_ratings), :id => 'release_date_header'
    19:       %th More Info
    20:   %tbody
    21:     - @movies.each do |movie|
    22:       %tr
    23:         %td= movie.title 
    24:         %td= movie.rating
  app/views/movies/index.html.haml:21:in `_app_views_movies_index_html_haml__3867729511746276783_70131320677280'


  Rendered /Users/siddhantpuri/.rvm/gems/ruby-2.2.2/gems/actionpack-4.2.1/lib/action_dispatch/middleware/templates/rescues/_source.erb (7.6ms)
  Rendered /Users/siddhantpuri/.rvm/gems/ruby-2.2.2/gems/actionpack-4.2.1/lib/action_dispatch/middleware/templates/rescues/_trace.html.erb (2.8ms)
  Rendered /Users/siddhantpuri/.rvm/gems/ruby-2.2.2/gems/actionpack-4.2.1/lib/action_dispatch/middleware/templates/rescues/_request_and_response.html.erb (0.9ms)
  Rendered /Users/siddhantpuri/.rvm/gems/ruby-2.2.2/gems/actionpack-4.2.1/lib/action_dispatch/middleware/templates/rescues/template_error.html.erb within rescues/layout (65.0ms)


Started GET "/movies?ratings%5BG%5D=G&ratings%5BNC-17%5D=NC-17&ratings%5BPG%5D=PG&ratings%5BPG-13%5D=PG-13&ratings%5BR%5D=R&sort=release_date" for ::1 at 2015-07-23 13:57:10 -0700
Processing by MoviesController#index as HTML
  Parameters: {"ratings"=>{"G"=>"G", "NC-17"=>"NC-17", "PG"=>"PG", "PG-13"=>"PG-13", "R"=>"R"}, "sort"=>"release_date"}
  [1m[35mMovie Load (0.4ms)[0m  SELECT "movies".* FROM "movies" WHERE "movies"."rating" IN ('G', 'NC-17', 'PG', 'PG-13', 'R')  ORDER BY "movies"."release_date" ASC
  Rendered movies/index.html.haml within layouts/application (22.3ms)
Completed 200 OK in 314ms (Views: 310.2ms | ActiveRecord: 1.0ms)


Started GET "/assets/application.self.css?body=1" for ::1 at 2015-07-23 13:57:11 -0700


Started GET "/assets/jquery.self.js?body=1" for ::1 at 2015-07-23 13:57:11 -0700


Started GET "/assets/jquery_ujs.self.js?body=1" for ::1 at 2015-07-23 13:57:11 -0700


Started GET "/assets/application.self.js?body=1" for ::1 at 2015-07-23 13:57:11 -0700


Started GET "/movies?ratings%5BG%5D=G&ratings%5BNC-17%5D=NC-17&ratings%5BPG%5D=PG&ratings%5BPG-13%5D=PG-13&ratings%5BR%5D=R&sort=title" for ::1 at 2015-07-23 13:57:13 -0700
Processing by MoviesController#index as HTML
  Parameters: {"ratings"=>{"G"=>"G", "NC-17"=>"NC-17", "PG"=>"PG", "PG-13"=>"PG-13", "R"=>"R"}, "sort"=>"title"}
Redirected to http://localhost:3000/movies?ratings%5BG%5D=G&ratings%5BNC-17%5D=NC-17&ratings%5BPG%5D=PG&ratings%5BPG-13%5D=PG-13&ratings%5BR%5D=R&sort=title
Completed 302 Found in 2ms (ActiveRecord: 0.0ms)


Started GET "/movies?ratings%5BG%5D=G&ratings%5BNC-17%5D=NC-17&ratings%5BPG%5D=PG&ratings%5BPG-13%5D=PG-13&ratings%5BR%5D=R&sort=title" for ::1 at 2015-07-23 13:57:13 -0700
Processing by MoviesController#index as HTML
  Parameters: {"ratings"=>{"G"=>"G", "NC-17"=>"NC-17", "PG"=>"PG", "PG-13"=>"PG-13", "R"=>"R"}, "sort"=>"title"}
  [1m[36mMovie Load (0.3ms)[0m  [1mSELECT "movies".* FROM "movies" WHERE "movies"."rating" IN ('G', 'NC-17', 'PG', 'PG-13', 'R')  ORDER BY "movies"."title" ASC[0m
  Rendered movies/index.html.haml within layouts/application (6.0ms)
Completed 200 OK in 22ms (Views: 20.6ms | ActiveRecord: 0.3ms)


Started GET "/assets/application.self.css?body=1" for ::1 at 2015-07-23 13:57:13 -0700


Started GET "/assets/jquery.self.js?body=1" for ::1 at 2015-07-23 13:57:13 -0700


Started GET "/assets/jquery_ujs.self.js?body=1" for ::1 at 2015-07-23 13:57:13 -0700


Started GET "/assets/application.self.js?body=1" for ::1 at 2015-07-23 13:57:13 -0700


Started GET "/movies?ratings%5BG%5D=G&ratings%5BNC-17%5D=NC-17&ratings%5BPG%5D=PG&ratings%5BPG-13%5D=PG-13&ratings%5BR%5D=R&sort=release_date" for ::1 at 2015-07-23 13:57:15 -0700
Processing by MoviesController#index as HTML
  Parameters: {"ratings"=>{"G"=>"G", "NC-17"=>"NC-17", "PG"=>"PG", "PG-13"=>"PG-13", "R"=>"R"}, "sort"=>"release_date"}
Redirected to http://localhost:3000/movies?ratings%5BG%5D=G&ratings%5BNC-17%5D=NC-17&ratings%5BPG%5D=PG&ratings%5BPG-13%5D=PG-13&ratings%5BR%5D=R&sort=release_date
Completed 302 Found in 3ms (ActiveRecord: 0.0ms)


Started GET "/movies?ratings%5BG%5D=G&ratings%5BNC-17%5D=NC-17&ratings%5BPG%5D=PG&ratings%5BPG-13%5D=PG-13&ratings%5BR%5D=R&sort=release_date" for ::1 at 2015-07-23 13:57:15 -0700
Processing by MoviesController#index as HTML
  Parameters: {"ratings"=>{"G"=>"G", "NC-17"=>"NC-17", "PG"=>"PG", "PG-13"=>"PG-13", "R"=>"R"}, "sort"=>"release_date"}
  [1m[35mMovie Load (0.3ms)[0m  SELECT "movies".* FROM "movies" WHERE "movies"."rating" IN ('G', 'NC-17', 'PG', 'PG-13', 'R')  ORDER BY "movies"."release_date" ASC
  Rendered movies/index.html.haml within layouts/application (5.2ms)
Completed 200 OK in 16ms (Views: 14.8ms | ActiveRecord: 0.3ms)


Started GET "/assets/application.self.css?body=1" for ::1 at 2015-07-23 13:57:15 -0700


Started GET "/assets/application.self.js?body=1" for ::1 at 2015-07-23 13:57:15 -0700


Started GET "/assets/jquery_ujs.self.js?body=1" for ::1 at 2015-07-23 13:57:15 -0700


Started GET "/assets/jquery.self.js?body=1" for ::1 at 2015-07-23 13:57:15 -0700


Started GET "/movies?ratings%5BG%5D=G&ratings%5BNC-17%5D=NC-17&ratings%5BPG%5D=PG&ratings%5BPG-13%5D=PG-13&ratings%5BR%5D=R&sort=release_date" for ::1 at 2015-07-23 13:57:16 -0700
Processing by MoviesController#index as HTML
  Parameters: {"ratings"=>{"G"=>"G", "NC-17"=>"NC-17", "PG"=>"PG", "PG-13"=>"PG-13", "R"=>"R"}, "sort"=>"release_date"}
  [1m[36mMovie Load (0.3ms)[0m  [1mSELECT "movies".* FROM "movies" WHERE "movies"."rating" IN ('G', 'NC-17', 'PG', 'PG-13', 'R')  ORDER BY "movies"."release_date" ASC[0m
  Rendered movies/index.html.haml within layouts/application (6.5ms)
Completed 200 OK in 20ms (Views: 16.5ms | ActiveRecord: 0.3ms)


Started GET "/assets/jquery_ujs.self.js?body=1" for ::1 at 2015-07-23 13:57:16 -0700


Started GET "/assets/jquery.self.js?body=1" for ::1 at 2015-07-23 13:57:16 -0700


Started GET "/assets/application.self.css?body=1" for ::1 at 2015-07-23 13:57:16 -0700


Started GET "/assets/application.self.js?body=1" for ::1 at 2015-07-23 13:57:16 -0700


Started GET "/assets/rails.png" for ::1 at 2015-07-24 15:31:52 -0700


Started GET "/movies" for ::1 at 2015-07-24 15:31:55 -0700
Processing by MoviesController#index as HTML
Redirected to http://localhost:3000/movies?ratings%5BG%5D=G&ratings%5BNC-17%5D=NC-17&ratings%5BPG%5D=PG&ratings%5BPG-13%5D=PG-13&ratings%5BR%5D=R&sort=release_date
Completed 302 Found in 27ms (ActiveRecord: 0.0ms)


Started GET "/movies?ratings%5BG%5D=G&ratings%5BNC-17%5D=NC-17&ratings%5BPG%5D=PG&ratings%5BPG-13%5D=PG-13&ratings%5BR%5D=R&sort=release_date" for ::1 at 2015-07-24 15:31:55 -0700
Processing by MoviesController#index as HTML
  Parameters: {"ratings"=>{"G"=>"G", "NC-17"=>"NC-17", "PG"=>"PG", "PG-13"=>"PG-13", "R"=>"R"}, "sort"=>"release_date"}
  [1m[36mMovie Load (1.3ms)[0m  [1mSELECT "movies".* FROM "movies" WHERE "movies"."rating" IN ('G', 'NC-17', 'PG', 'PG-13', 'R')  ORDER BY "movies"."release_date" ASC[0m
  Rendered movies/index.html.haml within layouts/application (51.3ms)
Completed 200 OK in 276ms (Views: 264.7ms | ActiveRecord: 4.6ms)


Started GET "/assets/jquery_ujs.self.js?body=1" for ::1 at 2015-07-24 15:31:56 -0700


Started GET "/assets/application.self.js?body=1" for ::1 at 2015-07-24 15:31:56 -0700


Started GET "/assets/jquery.self.js?body=1" for ::1 at 2015-07-24 15:31:56 -0700


Started GET "/assets/application.self.css?body=1" for ::1 at 2015-07-24 15:31:56 -0700


Started GET "/movies?ratings%5BG%5D=G&ratings%5BNC-17%5D=NC-17&ratings%5BPG%5D=PG&ratings%5BPG-13%5D=PG-13&ratings%5BR%5D=R&sort=title" for ::1 at 2015-07-24 15:32:10 -0700
Processing by MoviesController#index as HTML
  Parameters: {"ratings"=>{"G"=>"G", "NC-17"=>"NC-17", "PG"=>"PG", "PG-13"=>"PG-13", "R"=>"R"}, "sort"=>"title"}
Redirected to http://localhost:3000/movies?ratings%5BG%5D=G&ratings%5BNC-17%5D=NC-17&ratings%5BPG%5D=PG&ratings%5BPG-13%5D=PG-13&ratings%5BR%5D=R&sort=title
Completed 302 Found in 2ms (ActiveRecord: 0.0ms)


Started GET "/movies?ratings%5BG%5D=G&ratings%5BNC-17%5D=NC-17&ratings%5BPG%5D=PG&ratings%5BPG-13%5D=PG-13&ratings%5BR%5D=R&sort=title" for ::1 at 2015-07-24 15:32:10 -0700
Processing by MoviesController#index as HTML
  Parameters: {"ratings"=>{"G"=>"G", "NC-17"=>"NC-17", "PG"=>"PG", "PG-13"=>"PG-13", "R"=>"R"}, "sort"=>"title"}
  [1m[35mMovie Load (0.4ms)[0m  SELECT "movies".* FROM "movies" WHERE "movies"."rating" IN ('G', 'NC-17', 'PG', 'PG-13', 'R')  ORDER BY "movies"."title" ASC
  Rendered movies/index.html.haml within layouts/application (9.8ms)
Completed 200 OK in 27ms (Views: 26.2ms | ActiveRecord: 0.4ms)


Started GET "/assets/application.self.css?body=1" for ::1 at 2015-07-24 15:32:10 -0700


Started GET "/assets/application.self.js?body=1" for ::1 at 2015-07-24 15:32:10 -0700


Started GET "/assets/jquery_ujs.self.js?body=1" for ::1 at 2015-07-24 15:32:10 -0700


Started GET "/assets/jquery.self.js?body=1" for ::1 at 2015-07-24 15:32:10 -0700


Started GET "/movies?ratings%5BG%5D=G&ratings%5BNC-17%5D=NC-17&ratings%5BPG%5D=PG&ratings%5BPG-13%5D=PG-13&ratings%5BR%5D=R&sort=title" for ::1 at 2015-07-24 15:32:11 -0700
Processing by MoviesController#index as HTML
  Parameters: {"ratings"=>{"G"=>"G", "NC-17"=>"NC-17", "PG"=>"PG", "PG-13"=>"PG-13", "R"=>"R"}, "sort"=>"title"}
  [1m[36mMovie Load (0.4ms)[0m  [1mSELECT "movies".* FROM "movies" WHERE "movies"."rating" IN ('G', 'NC-17', 'PG', 'PG-13', 'R')  ORDER BY "movies"."title" ASC[0m
  Rendered movies/index.html.haml within layouts/application (9.5ms)
Completed 200 OK in 37ms (Views: 35.3ms | ActiveRecord: 0.4ms)


Started GET "/assets/application.self.css?body=1" for ::1 at 2015-07-24 15:32:11 -0700


Started GET "/assets/jquery.self.js?body=1" for ::1 at 2015-07-24 15:32:11 -0700


Started GET "/assets/jquery_ujs.self.js?body=1" for ::1 at 2015-07-24 15:32:11 -0700


Started GET "/assets/application.self.js?body=1" for ::1 at 2015-07-24 15:32:11 -0700


Started GET "/movies?ratings%5BG%5D=G&ratings%5BNC-17%5D=NC-17&ratings%5BPG%5D=PG&ratings%5BPG-13%5D=PG-13&ratings%5BR%5D=R&sort=release_date" for ::1 at 2015-07-24 15:32:12 -0700
Processing by MoviesController#index as HTML
  Parameters: {"ratings"=>{"G"=>"G", "NC-17"=>"NC-17", "PG"=>"PG", "PG-13"=>"PG-13", "R"=>"R"}, "sort"=>"release_date"}
Redirected to http://localhost:3000/movies?ratings%5BG%5D=G&ratings%5BNC-17%5D=NC-17&ratings%5BPG%5D=PG&ratings%5BPG-13%5D=PG-13&ratings%5BR%5D=R&sort=release_date
Completed 302 Found in 2ms (ActiveRecord: 0.0ms)


Started GET "/movies?ratings%5BG%5D=G&ratings%5BNC-17%5D=NC-17&ratings%5BPG%5D=PG&ratings%5BPG-13%5D=PG-13&ratings%5BR%5D=R&sort=release_date" for ::1 at 2015-07-24 15:32:12 -0700
Processing by MoviesController#index as HTML
  Parameters: {"ratings"=>{"G"=>"G", "NC-17"=>"NC-17", "PG"=>"PG", "PG-13"=>"PG-13", "R"=>"R"}, "sort"=>"release_date"}
  [1m[35mMovie Load (0.3ms)[0m  SELECT "movies".* FROM "movies" WHERE "movies"."rating" IN ('G', 'NC-17', 'PG', 'PG-13', 'R')  ORDER BY "movies"."release_date" ASC
  Rendered movies/index.html.haml within layouts/application (11.0ms)
Completed 200 OK in 46ms (Views: 45.0ms | ActiveRecord: 0.3ms)


Started GET "/assets/application.self.css?body=1" for ::1 at 2015-07-24 15:32:12 -0700


Started GET "/assets/application.self.js?body=1" for ::1 at 2015-07-24 15:32:12 -0700


Started GET "/assets/jquery.self.js?body=1" for ::1 at 2015-07-24 15:32:12 -0700


Started GET "/assets/jquery_ujs.self.js?body=1" for ::1 at 2015-07-24 15:32:12 -0700


Started GET "/movies/7" for ::1 at 2015-07-24 15:32:14 -0700
Processing by MoviesController#show as HTML
  Parameters: {"id"=>"7"}
  [1m[36mMovie Load (0.5ms)[0m  [1mSELECT  "movies".* FROM "movies" WHERE "movies"."id" = ? LIMIT 1[0m  [["id", 7]]
  Rendered movies/show.html.haml within layouts/application (15.7ms)
Completed 200 OK in 72ms (Views: 59.5ms | ActiveRecord: 0.5ms)


Started GET "/assets/application.self.css?body=1" for ::1 at 2015-07-24 15:32:14 -0700


Started GET "/assets/jquery_ujs.self.js?body=1" for ::1 at 2015-07-24 15:32:14 -0700


Started GET "/assets/application.self.js?body=1" for ::1 at 2015-07-24 15:32:14 -0700


Started GET "/assets/jquery.self.js?body=1" for ::1 at 2015-07-24 15:32:14 -0700


Started GET "/movies?ratings%5BG%5D=G&ratings%5BNC-17%5D=NC-17&ratings%5BPG%5D=PG&ratings%5BPG-13%5D=PG-13&ratings%5BR%5D=R&sort=title" for ::1 at 2015-07-24 15:32:17 -0700
Processing by MoviesController#index as HTML
  Parameters: {"ratings"=>{"G"=>"G", "NC-17"=>"NC-17", "PG"=>"PG", "PG-13"=>"PG-13", "R"=>"R"}, "sort"=>"title"}
Redirected to http://localhost:3000/movies?ratings%5BG%5D=G&ratings%5BNC-17%5D=NC-17&ratings%5BPG%5D=PG&ratings%5BPG-13%5D=PG-13&ratings%5BR%5D=R&sort=title
Completed 302 Found in 2ms (ActiveRecord: 0.0ms)


Started GET "/movies?ratings%5BG%5D=G&ratings%5BNC-17%5D=NC-17&ratings%5BPG%5D=PG&ratings%5BPG-13%5D=PG-13&ratings%5BR%5D=R&sort=title" for ::1 at 2015-07-24 15:32:17 -0700
Processing by MoviesController#index as HTML
  Parameters: {"ratings"=>{"G"=>"G", "NC-17"=>"NC-17", "PG"=>"PG", "PG-13"=>"PG-13", "R"=>"R"}, "sort"=>"title"}
  [1m[35mMovie Load (0.4ms)[0m  SELECT "movies".* FROM "movies" WHERE "movies"."rating" IN ('G', 'NC-17', 'PG', 'PG-13', 'R')  ORDER BY "movies"."title" ASC
  Rendered movies/index.html.haml within layouts/application (8.6ms)
Completed 200 OK in 43ms (Views: 41.0ms | ActiveRecord: 0.4ms)


Started GET "/assets/application.self.css?body=1" for ::1 at 2015-07-24 15:32:17 -0700


Started GET "/assets/jquery_ujs.self.js?body=1" for ::1 at 2015-07-24 15:32:17 -0700


Started GET "/assets/jquery.self.js?body=1" for ::1 at 2015-07-24 15:32:17 -0700


Started GET "/assets/application.self.js?body=1" for ::1 at 2015-07-24 15:32:17 -0700


Started GET "/movies?ratings%5BG%5D=G&ratings%5BNC-17%5D=NC-17&ratings%5BPG%5D=PG&ratings%5BPG-13%5D=PG-13&ratings%5BR%5D=R&sort=release_date" for ::1 at 2015-07-24 15:32:18 -0700
Processing by MoviesController#index as HTML
  Parameters: {"ratings"=>{"G"=>"G", "NC-17"=>"NC-17", "PG"=>"PG", "PG-13"=>"PG-13", "R"=>"R"}, "sort"=>"release_date"}
Redirected to http://localhost:3000/movies?ratings%5BG%5D=G&ratings%5BNC-17%5D=NC-17&ratings%5BPG%5D=PG&ratings%5BPG-13%5D=PG-13&ratings%5BR%5D=R&sort=release_date
Completed 302 Found in 1ms (ActiveRecord: 0.0ms)


Started GET "/movies?ratings%5BG%5D=G&ratings%5BNC-17%5D=NC-17&ratings%5BPG%5D=PG&ratings%5BPG-13%5D=PG-13&ratings%5BR%5D=R&sort=release_date" for ::1 at 2015-07-24 15:32:18 -0700
Processing by MoviesController#index as HTML
  Parameters: {"ratings"=>{"G"=>"G", "NC-17"=>"NC-17", "PG"=>"PG", "PG-13"=>"PG-13", "R"=>"R"}, "sort"=>"release_date"}
  [1m[36mMovie Load (0.3ms)[0m  [1mSELECT "movies".* FROM "movies" WHERE "movies"."rating" IN ('G', 'NC-17', 'PG', 'PG-13', 'R')  ORDER BY "movies"."release_date" ASC[0m
  Rendered movies/index.html.haml within layouts/application (6.9ms)
Completed 200 OK in 24ms (Views: 22.8ms | ActiveRecord: 0.3ms)


Started GET "/assets/jquery.self.js?body=1" for ::1 at 2015-07-24 15:32:18 -0700


Started GET "/assets/application.self.css?body=1" for ::1 at 2015-07-24 15:32:18 -0700


Started GET "/assets/application.self.js?body=1" for ::1 at 2015-07-24 15:32:18 -0700


Started GET "/assets/jquery_ujs.self.js?body=1" for ::1 at 2015-07-24 15:32:18 -0700


Started GET "/assets/rails.png" for ::1 at 2015-07-28 12:38:28 -0700


Started GET "/movies" for ::1 at 2015-07-28 12:38:29 -0700
Processing by MoviesController#index as HTML
Completed 500 Internal Server Error in 102ms (ActiveRecord: 3.8ms)

NoMethodError (undefined method `attr_accessible' for #<Class:0x007fb31bb3c718>):
  app/models/movie.rb:2:in `<class:Movie>'
  app/models/movie.rb:1:in `<top (required)>'
  app/controllers/movies_controller.rb:17:in `index'


  Rendered /Users/siddhantpuri/.rvm/gems/ruby-2.2.2/gems/actionpack-4.2.1/lib/action_dispatch/middleware/templates/rescues/_source.erb (5.9ms)
  Rendered /Users/siddhantpuri/.rvm/gems/ruby-2.2.2/gems/actionpack-4.2.1/lib/action_dispatch/middleware/templates/rescues/_trace.html.erb (2.3ms)
  Rendered /Users/siddhantpuri/.rvm/gems/ruby-2.2.2/gems/actionpack-4.2.1/lib/action_dispatch/middleware/templates/rescues/_request_and_response.html.erb (8.5ms)
  Rendered /Users/siddhantpuri/.rvm/gems/ruby-2.2.2/gems/actionpack-4.2.1/lib/action_dispatch/middleware/templates/rescues/diagnostics.html.erb within rescues/layout (119.8ms)


Started GET "/movies" for ::1 at 2015-07-28 12:39:50 -0700
Processing by MoviesController#index as HTML
  [1m[36mMovie Load (0.5ms)[0m  [1mSELECT "movies".* FROM "movies" WHERE "movies"."rating" IN ('G', 'PG', 'PG-13', 'NC-17', 'R')[0m
  Rendered movies/index.html.haml within layouts/application (37.0ms)
Completed 200 OK in 147ms (Views: 137.4ms | ActiveRecord: 1.6ms)


Started GET "/assets/application.self.css?body=1" for ::1 at 2015-07-28 12:39:50 -0700


Started GET "/assets/jquery_ujs.self.js?body=1" for ::1 at 2015-07-28 12:39:50 -0700


Started GET "/assets/jquery.self.js?body=1" for ::1 at 2015-07-28 12:39:50 -0700


Started GET "/assets/application.self.js?body=1" for ::1 at 2015-07-28 12:39:51 -0700


Started GET "/movies/3" for ::1 at 2015-07-28 12:39:53 -0700
Processing by MoviesController#show as HTML
  Parameters: {"id"=>"3"}
  [1m[35mMovie Load (0.7ms)[0m  SELECT  "movies".* FROM "movies" WHERE "movies"."id" = ? LIMIT 1  [["id", 3]]
  Rendered movies/show.html.haml within layouts/application (11.9ms)
Completed 200 OK in 42ms (Views: 34.1ms | ActiveRecord: 0.7ms)


Started GET "/assets/jquery.self.js?body=1" for ::1 at 2015-07-28 12:39:53 -0700


Started GET "/assets/application.self.css?body=1" for ::1 at 2015-07-28 12:39:53 -0700


Started GET "/assets/application.self.js?body=1" for ::1 at 2015-07-28 12:39:53 -0700


Started GET "/assets/jquery_ujs.self.js?body=1" for ::1 at 2015-07-28 12:39:53 -0700


Started GET "/movies?ratings%5BG%5D=G&ratings%5BNC-17%5D=NC-17&ratings%5BPG%5D=PG&ratings%5BPG-13%5D=PG-13&ratings%5BR%5D=R&sort=title" for ::1 at 2015-07-28 12:39:58 -0700
Processing by MoviesController#index as HTML
  Parameters: {"ratings"=>{"G"=>"G", "NC-17"=>"NC-17", "PG"=>"PG", "PG-13"=>"PG-13", "R"=>"R"}, "sort"=>"title"}
Redirected to http://localhost:3000/movies?ratings%5BG%5D=G&ratings%5BNC-17%5D=NC-17&ratings%5BPG%5D=PG&ratings%5BPG-13%5D=PG-13&ratings%5BR%5D=R&sort=title
Completed 302 Found in 2ms (ActiveRecord: 0.0ms)


Started GET "/movies?ratings%5BG%5D=G&ratings%5BNC-17%5D=NC-17&ratings%5BPG%5D=PG&ratings%5BPG-13%5D=PG-13&ratings%5BR%5D=R&sort=title" for ::1 at 2015-07-28 12:39:58 -0700
Processing by MoviesController#index as HTML
  Parameters: {"ratings"=>{"G"=>"G", "NC-17"=>"NC-17", "PG"=>"PG", "PG-13"=>"PG-13", "R"=>"R"}, "sort"=>"title"}
  [1m[36mMovie Load (1.6ms)[0m  [1mSELECT "movies".* FROM "movies" WHERE "movies"."rating" IN ('G', 'NC-17', 'PG', 'PG-13', 'R')  ORDER BY "movies"."title" ASC[0m
  Rendered movies/index.html.haml within layouts/application (22.1ms)
Completed 200 OK in 43ms (Views: 40.9ms | ActiveRecord: 1.6ms)


Started GET "/assets/jquery.self.js?body=1" for ::1 at 2015-07-28 12:39:58 -0700


Started GET "/assets/application.self.js?body=1" for ::1 at 2015-07-28 12:39:58 -0700


Started GET "/assets/application.self.css?body=1" for ::1 at 2015-07-28 12:39:58 -0700


Started GET "/assets/jquery_ujs.self.js?body=1" for ::1 at 2015-07-28 12:39:58 -0700


Started GET "/movies?ratings%5BG%5D=G&ratings%5BNC-17%5D=NC-17&ratings%5BPG%5D=PG&ratings%5BPG-13%5D=PG-13&ratings%5BR%5D=R&sort=release_date" for ::1 at 2015-07-28 12:39:59 -0700
Processing by MoviesController#index as HTML
  Parameters: {"ratings"=>{"G"=>"G", "NC-17"=>"NC-17", "PG"=>"PG", "PG-13"=>"PG-13", "R"=>"R"}, "sort"=>"release_date"}
Redirected to http://localhost:3000/movies?ratings%5BG%5D=G&ratings%5BNC-17%5D=NC-17&ratings%5BPG%5D=PG&ratings%5BPG-13%5D=PG-13&ratings%5BR%5D=R&sort=release_date
Completed 302 Found in 1ms (ActiveRecord: 0.0ms)


Started GET "/movies?ratings%5BG%5D=G&ratings%5BNC-17%5D=NC-17&ratings%5BPG%5D=PG&ratings%5BPG-13%5D=PG-13&ratings%5BR%5D=R&sort=release_date" for ::1 at 2015-07-28 12:39:59 -0700
Processing by MoviesController#index as HTML
  Parameters: {"ratings"=>{"G"=>"G", "NC-17"=>"NC-17", "PG"=>"PG", "PG-13"=>"PG-13", "R"=>"R"}, "sort"=>"release_date"}
  [1m[35mMovie Load (0.4ms)[0m  SELECT "movies".* FROM "movies" WHERE "movies"."rating" IN ('G', 'NC-17', 'PG', 'PG-13', 'R')  ORDER BY "movies"."release_date" ASC
  Rendered movies/index.html.haml within layouts/application (38.3ms)
Completed 200 OK in 72ms (Views: 70.8ms | ActiveRecord: 0.4ms)


Started GET "/assets/application.self.css?body=1" for ::1 at 2015-07-28 12:39:59 -0700


Started GET "/assets/jquery.self.js?body=1" for ::1 at 2015-07-28 12:39:59 -0700


Started GET "/assets/jquery_ujs.self.js?body=1" for ::1 at 2015-07-28 12:39:59 -0700


Started GET "/assets/application.self.js?body=1" for ::1 at 2015-07-28 12:39:59 -0700


Started GET "/movies?utf8=%E2%9C%93&%3Arelease_date_sort=true&ratings%5BG%5D=1&ratings%5BPG%5D=1&ratings%5BPG-13%5D=1&ratings%5BR%5D=1&commit=Refresh" for ::1 at 2015-07-28 12:40:03 -0700
Processing by MoviesController#index as HTML
  Parameters: {"utf8"=>"✓", ":release_date_sort"=>"true", "ratings"=>{"G"=>"1", "PG"=>"1", "PG-13"=>"1", "R"=>"1"}, "commit"=>"Refresh"}
Redirected to http://localhost:3000/movies?ratings%5BG%5D=1&ratings%5BPG%5D=1&ratings%5BPG-13%5D=1&ratings%5BR%5D=1&sort=release_date
Completed 302 Found in 2ms (ActiveRecord: 0.0ms)


Started GET "/movies?ratings%5BG%5D=1&ratings%5BPG%5D=1&ratings%5BPG-13%5D=1&ratings%5BR%5D=1&sort=release_date" for ::1 at 2015-07-28 12:40:03 -0700
Processing by MoviesController#index as HTML
  Parameters: {"ratings"=>{"G"=>"1", "PG"=>"1", "PG-13"=>"1", "R"=>"1"}, "sort"=>"release_date"}
  [1m[36mMovie Load (0.5ms)[0m  [1mSELECT "movies".* FROM "movies" WHERE "movies"."rating" IN ('G', 'PG', 'PG-13', 'R')  ORDER BY "movies"."release_date" ASC[0m
  Rendered movies/index.html.haml within layouts/application (12.8ms)
Completed 200 OK in 36ms (Views: 34.5ms | ActiveRecord: 0.5ms)


Started GET "/assets/application.self.css?body=1" for ::1 at 2015-07-28 12:40:03 -0700


Started GET "/assets/jquery.self.js?body=1" for ::1 at 2015-07-28 12:40:03 -0700


Started GET "/assets/application.self.js?body=1" for ::1 at 2015-07-28 12:40:03 -0700


Started GET "/assets/jquery_ujs.self.js?body=1" for ::1 at 2015-07-28 12:40:03 -0700


Started GET "/movies?utf8=%E2%9C%93&%3Arelease_date_sort=true&ratings%5BG%5D=1&ratings%5BPG%5D=1&ratings%5BPG-13%5D=1&ratings%5BR%5D=1&commit=Refresh" for ::1 at 2015-07-28 12:40:05 -0700
Processing by MoviesController#index as HTML
  Parameters: {"utf8"=>"✓", ":release_date_sort"=>"true", "ratings"=>{"G"=>"1", "PG"=>"1", "PG-13"=>"1", "R"=>"1"}, "commit"=>"Refresh"}
Redirected to http://localhost:3000/movies?ratings%5BG%5D=1&ratings%5BPG%5D=1&ratings%5BPG-13%5D=1&ratings%5BR%5D=1&sort=release_date
Completed 302 Found in 3ms (ActiveRecord: 0.0ms)


Started GET "/movies?ratings%5BG%5D=1&ratings%5BPG%5D=1&ratings%5BPG-13%5D=1&ratings%5BR%5D=1&sort=release_date" for ::1 at 2015-07-28 12:40:05 -0700
Processing by MoviesController#index as HTML
  Parameters: {"ratings"=>{"G"=>"1", "PG"=>"1", "PG-13"=>"1", "R"=>"1"}, "sort"=>"release_date"}
  [1m[35mMovie Load (0.4ms)[0m  SELECT "movies".* FROM "movies" WHERE "movies"."rating" IN ('G', 'PG', 'PG-13', 'R')  ORDER BY "movies"."release_date" ASC
  Rendered movies/index.html.haml within layouts/application (24.2ms)
Completed 200 OK in 50ms (Views: 47.8ms | ActiveRecord: 0.4ms)


Started GET "/assets/application.self.css?body=1" for ::1 at 2015-07-28 12:40:05 -0700


Started GET "/assets/jquery_ujs.self.js?body=1" for ::1 at 2015-07-28 12:40:05 -0700


Started GET "/assets/application.self.js?body=1" for ::1 at 2015-07-28 12:40:05 -0700


Started GET "/assets/jquery.self.js?body=1" for ::1 at 2015-07-28 12:40:05 -0700


Started GET "/movies?utf8=%E2%9C%93&%3Arelease_date_sort=true&ratings%5BG%5D=1&ratings%5BPG%5D=1&ratings%5BR%5D=1&commit=Refresh" for ::1 at 2015-07-28 12:40:07 -0700
Processing by MoviesController#index as HTML
  Parameters: {"utf8"=>"✓", ":release_date_sort"=>"true", "ratings"=>{"G"=>"1", "PG"=>"1", "R"=>"1"}, "commit"=>"Refresh"}
Redirected to http://localhost:3000/movies?ratings%5BG%5D=1&ratings%5BPG%5D=1&ratings%5BR%5D=1&sort=release_date
Completed 302 Found in 4ms (ActiveRecord: 0.0ms)


Started GET "/movies?ratings%5BG%5D=1&ratings%5BPG%5D=1&ratings%5BR%5D=1&sort=release_date" for ::1 at 2015-07-28 12:40:07 -0700
Processing by MoviesController#index as HTML
  Parameters: {"ratings"=>{"G"=>"1", "PG"=>"1", "R"=>"1"}, "sort"=>"release_date"}
  [1m[36mMovie Load (0.5ms)[0m  [1mSELECT "movies".* FROM "movies" WHERE "movies"."rating" IN ('G', 'PG', 'R')  ORDER BY "movies"."release_date" ASC[0m
  Rendered movies/index.html.haml within layouts/application (13.2ms)
Completed 200 OK in 31ms (Views: 29.4ms | ActiveRecord: 0.5ms)


Started GET "/assets/application.self.css?body=1" for ::1 at 2015-07-28 12:40:07 -0700


Started GET "/assets/application.self.js?body=1" for ::1 at 2015-07-28 12:40:07 -0700


Started GET "/assets/jquery.self.js?body=1" for ::1 at 2015-07-28 12:40:07 -0700


Started GET "/assets/jquery_ujs.self.js?body=1" for ::1 at 2015-07-28 12:40:07 -0700
  [1m[36m (0.2ms)[0m  [1mSELECT "schema_migrations"."version" FROM "schema_migrations"[0m
  [1m[36m (14.1ms)[0m  [1mCREATE TABLE "schema_migrations" ("version" varchar NOT NULL) [0m
  [1m[35m (0.1ms)[0m  select sqlite_version(*)
  [1m[36m (8.1ms)[0m  [1mCREATE UNIQUE INDEX "unique_schema_migrations" ON "schema_migrations" ("version")[0m
  [1m[35mActiveRecord::SchemaMigration Load (0.3ms)[0m  SELECT "schema_migrations".* FROM "schema_migrations"
Migrating to CreateMovies (20111119180638)
  [1m[36m (0.1ms)[0m  [1mbegin transaction[0m
DEPRECATION WARNING: `#timestamp` was called without specifying an option for `null`. In Rails 5, this behavior will change to `null: false`. You should manually specify `null: true` to prevent the behavior of your existing migrations from changing. (called from block in up at /home/ubuntu/workspace/hw-bdd-tdd-cycle/rottenpotatoes/db/migrate/20111119180638_create_movies.rb:10)
  [1m[35m (0.6ms)[0m  CREATE TABLE "movies" ("id" INTEGER PRIMARY KEY AUTOINCREMENT NOT NULL, "title" varchar, "rating" varchar, "description" text, "release_date" datetime, "created_at" datetime, "updated_at" datetime) 
  [1m[36mSQL (0.2ms)[0m  [1mINSERT INTO "schema_migrations" ("version") VALUES (?)[0m  [["version", "20111119180638"]]
  [1m[35m (16.3ms)[0m  commit transaction
  [1m[36mActiveRecord::SchemaMigration Load (0.2ms)[0m  [1mSELECT "schema_migrations".* FROM "schema_migrations"[0m
  [1m[36m (0.2ms)[0m  [1mSELECT "schema_migrations"."version" FROM "schema_migrations"[0m
  [1m[36mActiveRecord::SchemaMigration Load (0.1ms)[0m  [1mSELECT "schema_migrations".* FROM "schema_migrations"[0m
  [1m[35mActiveRecord::SchemaMigration Load (0.2ms)[0m  SELECT "schema_migrations".* FROM "schema_migrations"
  [1m[36mActiveRecord::SchemaMigration Load (0.2ms)[0m  [1mSELECT "schema_migrations".* FROM "schema_migrations"[0m
  [1m[35mActiveRecord::SchemaMigration Load (0.1ms)[0m  SELECT "schema_migrations".* FROM "schema_migrations"
  [1m[36m (11.4ms)[0m  [1mCREATE TABLE "movies" ("id" INTEGER PRIMARY KEY AUTOINCREMENT NOT NULL, "title" varchar, "rating" varchar, "description" text, "release_date" datetime, "created_at" datetime, "updated_at" datetime) [0m
  [1m[35m (12.6ms)[0m  CREATE TABLE "schema_migrations" ("version" varchar NOT NULL) 
  [1m[36m (0.2ms)[0m  [1mselect sqlite_version(*)[0m
  [1m[35m (10.8ms)[0m  CREATE UNIQUE INDEX "unique_schema_migrations" ON "schema_migrations" ("version")
  [1m[36m (0.2ms)[0m  [1mSELECT version FROM "schema_migrations"[0m
  [1m[35m (7.4ms)[0m  INSERT INTO "schema_migrations" (version) VALUES ('20111119180638')
  [1m[36mActiveRecord::SchemaMigration Load (0.1ms)[0m  [1mSELECT "schema_migrations".* FROM "schema_migrations"[0m
Migrating to Director (20170407143731)
  [1m[35m (0.1ms)[0m  begin transaction
  [1m[36m (0.6ms)[0m  [1mALTER TABLE "movies" ADD "director" varchar[0m
  [1m[35mSQL (0.4ms)[0m  INSERT INTO "schema_migrations" ("version") VALUES (?)  [["version", "20170407143731"]]
  [1m[36m (11.9ms)[0m  [1mcommit transaction[0m
  [1m[35mActiveRecord::SchemaMigration Load (0.1ms)[0m  SELECT "schema_migrations".* FROM "schema_migrations"
  [1m[36m (14.4ms)[0m  [1mCREATE TABLE "movies" ("id" INTEGER PRIMARY KEY AUTOINCREMENT NOT NULL, "title" varchar, "rating" varchar, "description" text, "release_date" datetime, "created_at" datetime, "updated_at" datetime, "director" varchar) [0m
  [1m[35m (14.3ms)[0m  CREATE TABLE "schema_migrations" ("version" varchar NOT NULL) 
  [1m[36m (0.2ms)[0m  [1mselect sqlite_version(*)[0m
  [1m[35m (19.2ms)[0m  CREATE UNIQUE INDEX "unique_schema_migrations" ON "schema_migrations" ("version")
  [1m[36m (0.3ms)[0m  [1mSELECT version FROM "schema_migrations"[0m
  [1m[35m (19.0ms)[0m  INSERT INTO "schema_migrations" (version) VALUES ('20170407143731')
  [1m[36m (13.9ms)[0m  [1mINSERT INTO "schema_migrations" (version) VALUES ('20111119180638')[0m


Started GET "/assets/rails.png" for 152.15.113.6 at 2017-04-07 15:15:55 +0000


Started GET "/assets/rails.png" for 152.15.113.6 at 2017-04-07 15:16:36 +0000


Started GET "/assets/rails.png" for 152.15.113.6 at 2017-04-07 15:16:51 +0000


Started GET "/movies" for 152.15.113.6 at 2017-04-07 15:17:30 +0000
Processing by MoviesController#index as HTML
  [1m[36mMovie Load (0.2ms)[0m  [1mSELECT "movies".* FROM "movies" WHERE "movies"."rating" IN ('G', 'PG', 'PG-13', 'NC-17', 'R')[0m
  Rendered movies/index.html.haml within layouts/application (15.8ms)
Completed 200 OK in 469ms (Views: 424.1ms | ActiveRecord: 1.9ms)


Started GET "/assets/jquery_ujs.self-e87806d0cf4489aeb1bb7288016024e8de67fd18db693fe026fe3907581e53cd.js?body=1" for 152.15.113.6 at 2017-04-07 15:17:31 +0000


Started GET "/assets/application.self-ac4347b135ab8935f2dd20089f2acc8bec1d6b2ad528a80fcb03cd445dbd4d27.js?body=1" for 152.15.113.6 at 2017-04-07 15:17:31 +0000


Started GET "/assets/application.self-2b9b4ceb35a4568bfbe3001eb6cf7d691787c8ec9b2018eecbc3c235cc74b7a4.css?body=1" for 152.15.113.6 at 2017-04-07 15:17:31 +0000


Started GET "/assets/jquery.self-660adc51e0224b731d29f575a6f1ec167ba08ad06ed5deca4f1e8654c135bf4c.js?body=1" for 152.15.113.6 at 2017-04-07 15:17:31 +0000


Started GET "/movies/new" for 152.15.113.6 at 2017-04-07 15:17:41 +0000
Processing by MoviesController#new as HTML
  Rendered movies/new.html.haml within layouts/application (23.5ms)
Completed 200 OK in 39ms (Views: 38.7ms | ActiveRecord: 0.0ms)


Started GET "/director" for 152.15.113.6 at 2017-04-07 15:18:11 +0000

ActionController::RoutingError (No route matches [GET] "/director"):
  actionpack (4.2.6) lib/action_dispatch/middleware/debug_exceptions.rb:21:in `call'
  actionpack (4.2.6) lib/action_dispatch/middleware/show_exceptions.rb:30:in `call'
  railties (4.2.6) lib/rails/rack/logger.rb:38:in `call_app'
  railties (4.2.6) lib/rails/rack/logger.rb:20:in `block in call'
  activesupport (4.2.6) lib/active_support/tagged_logging.rb:68:in `block in tagged'
  activesupport (4.2.6) lib/active_support/tagged_logging.rb:26:in `tagged'
  activesupport (4.2.6) lib/active_support/tagged_logging.rb:68:in `tagged'
  railties (4.2.6) lib/rails/rack/logger.rb:20:in `call'
  actionpack (4.2.6) lib/action_dispatch/middleware/request_id.rb:21:in `call'
  rack (1.6.4) lib/rack/methodoverride.rb:22:in `call'
  rack (1.6.4) lib/rack/runtime.rb:18:in `call'
  activesupport (4.2.6) lib/active_support/cache/strategy/local_cache_middleware.rb:28:in `call'
  rack (1.6.4) lib/rack/lock.rb:17:in `call'
  actionpack (4.2.6) lib/action_dispatch/middleware/static.rb:120:in `call'
  rack (1.6.4) lib/rack/sendfile.rb:113:in `call'
  railties (4.2.6) lib/rails/engine.rb:518:in `call'
  railties (4.2.6) lib/rails/application.rb:165:in `call'
  rack (1.6.4) lib/rack/lock.rb:17:in `call'
  rack (1.6.4) lib/rack/content_length.rb:15:in `call'
  rack (1.6.4) lib/rack/handler/webrick.rb:88:in `service'
  /usr/local/rvm/rubies/ruby-2.3.0/lib/ruby/2.3.0/webrick/httpserver.rb:140:in `service'
  /usr/local/rvm/rubies/ruby-2.3.0/lib/ruby/2.3.0/webrick/httpserver.rb:96:in `run'
  /usr/local/rvm/rubies/ruby-2.3.0/lib/ruby/2.3.0/webrick/server.rb:296:in `block in start_thread'


  Rendered /usr/local/rvm/gems/ruby-2.3.0/gems/actionpack-4.2.6/lib/action_dispatch/middleware/templates/rescues/_trace.html.erb (4.7ms)
  Rendered /usr/local/rvm/gems/ruby-2.3.0/gems/actionpack-4.2.6/lib/action_dispatch/middleware/templates/routes/_route.html.erb (3.4ms)
  Rendered /usr/local/rvm/gems/ruby-2.3.0/gems/actionpack-4.2.6/lib/action_dispatch/middleware/templates/routes/_table.html.erb (6.4ms)
  Rendered /usr/local/rvm/gems/ruby-2.3.0/gems/actionpack-4.2.6/lib/action_dispatch/middleware/templates/rescues/_request_and_response.html.erb (3.1ms)
  Rendered /usr/local/rvm/gems/ruby-2.3.0/gems/actionpack-4.2.6/lib/action_dispatch/middleware/templates/rescues/routing_error.html.erb within rescues/layout (68.3ms)


Started GET "/assets/rails.png" for 152.15.113.6 at 2017-04-07 15:18:21 +0000


Started GET "/movies" for 152.15.113.6 at 2017-04-07 15:18:28 +0000
Processing by MoviesController#index as HTML
  [1m[35mMovie Load (0.3ms)[0m  SELECT "movies".* FROM "movies" WHERE "movies"."rating" IN ('G', 'PG', 'PG-13', 'NC-17', 'R')
  Rendered movies/index.html.haml within layouts/application (6.5ms)
Completed 200 OK in 29ms (Views: 26.3ms | ActiveRecord: 0.3ms)


Started GET "/movies?utf8=%E2%9C%93&ratings%5BG%5D=1&ratings%5BPG%5D=1&ratings%5BPG-13%5D=1&ratings%5BNC-17%5D=1&ratings%5BR%5D=1&commit=Refresh" for 152.15.113.6 at 2017-04-07 15:18:30 +0000
Processing by MoviesController#index as HTML
  Parameters: {"utf8"=>"✓", "ratings"=>{"G"=>"1", "PG"=>"1", "PG-13"=>"1", "NC-17"=>"1", "R"=>"1"}, "commit"=>"Refresh"}
Redirected to https://itsc3155-am-amberkc.c9users.io/movies?ratings%5BG%5D=1&ratings%5BNC-17%5D=1&ratings%5BPG%5D=1&ratings%5BPG-13%5D=1&ratings%5BR%5D=1
Completed 302 Found in 3ms (ActiveRecord: 0.0ms)


Started GET "/movies?ratings%5BG%5D=1&ratings%5BNC-17%5D=1&ratings%5BPG%5D=1&ratings%5BPG-13%5D=1&ratings%5BR%5D=1" for 152.15.113.6 at 2017-04-07 15:18:30 +0000
Processing by MoviesController#index as HTML
  Parameters: {"ratings"=>{"G"=>"1", "NC-17"=>"1", "PG"=>"1", "PG-13"=>"1", "R"=>"1"}}
  [1m[36mMovie Load (0.3ms)[0m  [1mSELECT "movies".* FROM "movies" WHERE "movies"."rating" IN ('G', 'NC-17', 'PG', 'PG-13', 'R')[0m
  Rendered movies/index.html.haml within layouts/application (3.1ms)
Completed 200 OK in 76ms (Views: 75.3ms | ActiveRecord: 0.3ms)


Started GET "/movies?utf8=%E2%9C%93&ratings%5BG%5D=1&ratings%5BPG%5D=1&ratings%5BPG-13%5D=1&ratings%5BNC-17%5D=1&ratings%5BR%5D=1&commit=Refresh" for 152.15.113.6 at 2017-04-07 15:18:31 +0000
Processing by MoviesController#index as HTML
  Parameters: {"utf8"=>"✓", "ratings"=>{"G"=>"1", "PG"=>"1", "PG-13"=>"1", "NC-17"=>"1", "R"=>"1"}, "commit"=>"Refresh"}
  [1m[35mMovie Load (0.4ms)[0m  SELECT "movies".* FROM "movies" WHERE "movies"."rating" IN ('G', 'PG', 'PG-13', 'NC-17', 'R')
  Rendered movies/index.html.haml within layouts/application (3.6ms)
Completed 200 OK in 19ms (Views: 17.4ms | ActiveRecord: 0.4ms)


Started GET "/movies?ratings%5BG%5D=1&ratings%5BNC-17%5D=1&ratings%5BPG%5D=1&ratings%5BPG-13%5D=1&ratings%5BR%5D=1&sort=release_date" for 152.15.113.6 at 2017-04-07 15:18:34 +0000
Processing by MoviesController#index as HTML
  Parameters: {"ratings"=>{"G"=>"1", "NC-17"=>"1", "PG"=>"1", "PG-13"=>"1", "R"=>"1"}, "sort"=>"release_date"}
Redirected to https://itsc3155-am-amberkc.c9users.io/movies?ratings%5BG%5D=1&ratings%5BNC-17%5D=1&ratings%5BPG%5D=1&ratings%5BPG-13%5D=1&ratings%5BR%5D=1&sort=release_date
Completed 302 Found in 2ms (ActiveRecord: 0.0ms)


Started GET "/movies?ratings%5BG%5D=1&ratings%5BNC-17%5D=1&ratings%5BPG%5D=1&ratings%5BPG-13%5D=1&ratings%5BR%5D=1&sort=release_date" for 152.15.113.6 at 2017-04-07 15:18:35 +0000
Processing by MoviesController#index as HTML
  Parameters: {"ratings"=>{"G"=>"1", "NC-17"=>"1", "PG"=>"1", "PG-13"=>"1", "R"=>"1"}, "sort"=>"release_date"}
  [1m[36mMovie Load (0.3ms)[0m  [1mSELECT "movies".* FROM "movies" WHERE "movies"."rating" IN ('G', 'NC-17', 'PG', 'PG-13', 'R')  ORDER BY "movies"."release_date" ASC[0m
  Rendered movies/index.html.haml within layouts/application (2.6ms)
Completed 200 OK in 13ms (Views: 12.2ms | ActiveRecord: 0.3ms)


Started GET "/movies?ratings%5BG%5D=1&ratings%5BNC-17%5D=1&ratings%5BPG%5D=1&ratings%5BPG-13%5D=1&ratings%5BR%5D=1&sort=title" for 152.15.113.6 at 2017-04-07 15:18:38 +0000
Processing by MoviesController#index as HTML
  Parameters: {"ratings"=>{"G"=>"1", "NC-17"=>"1", "PG"=>"1", "PG-13"=>"1", "R"=>"1"}, "sort"=>"title"}
Redirected to https://itsc3155-am-amberkc.c9users.io/movies?ratings%5BG%5D=1&ratings%5BNC-17%5D=1&ratings%5BPG%5D=1&ratings%5BPG-13%5D=1&ratings%5BR%5D=1&sort=title
Completed 302 Found in 1ms (ActiveRecord: 0.0ms)


Started GET "/movies?ratings%5BG%5D=1&ratings%5BNC-17%5D=1&ratings%5BPG%5D=1&ratings%5BPG-13%5D=1&ratings%5BR%5D=1&sort=title" for 152.15.113.6 at 2017-04-07 15:18:38 +0000
Processing by MoviesController#index as HTML
  Parameters: {"ratings"=>{"G"=>"1", "NC-17"=>"1", "PG"=>"1", "PG-13"=>"1", "R"=>"1"}, "sort"=>"title"}
  [1m[35mMovie Load (0.3ms)[0m  SELECT "movies".* FROM "movies" WHERE "movies"."rating" IN ('G', 'NC-17', 'PG', 'PG-13', 'R')  ORDER BY "movies"."title" ASC
  Rendered movies/index.html.haml within layouts/application (2.9ms)
Completed 200 OK in 15ms (Views: 13.4ms | ActiveRecord: 0.3ms)


Started GET "/movies/new" for 152.15.113.6 at 2017-04-07 15:18:51 +0000
Processing by MoviesController#new as HTML
  Rendered movies/new.html.haml within layouts/application (3.5ms)
Completed 200 OK in 14ms (Views: 13.6ms | ActiveRecord: 0.0ms)


Started GET "/assets/rails.png" for 152.15.113.6 at 2017-04-07 15:22:47 +0000


Started GET "/movies" for 152.15.113.6 at 2017-04-07 15:22:53 +0000
Processing by MoviesController#index as HTML
Redirected to https://itsc3155-am-amberkc.c9users.io/movies?ratings%5BG%5D=1&ratings%5BNC-17%5D=1&ratings%5BPG%5D=1&ratings%5BPG-13%5D=1&ratings%5BR%5D=1&sort=title
Completed 302 Found in 1ms (ActiveRecord: 0.0ms)


Started GET "/movies?ratings%5BG%5D=1&ratings%5BNC-17%5D=1&ratings%5BPG%5D=1&ratings%5BPG-13%5D=1&ratings%5BR%5D=1&sort=title" for 152.15.113.6 at 2017-04-07 15:22:53 +0000
Processing by MoviesController#index as HTML
  Parameters: {"ratings"=>{"G"=>"1", "NC-17"=>"1", "PG"=>"1", "PG-13"=>"1", "R"=>"1"}, "sort"=>"title"}
  [1m[36mMovie Load (0.3ms)[0m  [1mSELECT "movies".* FROM "movies" WHERE "movies"."rating" IN ('G', 'NC-17', 'PG', 'PG-13', 'R')  ORDER BY "movies"."title" ASC[0m
  Rendered movies/index.html.haml within layouts/application (3.0ms)
Completed 200 OK in 15ms (Views: 13.4ms | ActiveRecord: 0.3ms)


Started GET "/movies/new" for 152.15.113.6 at 2017-04-07 15:22:56 +0000
Processing by MoviesController#new as HTML
  Rendered movies/new.html.haml within layouts/application (4.9ms)
Completed 200 OK in 18ms (Views: 17.4ms | ActiveRecord: 0.0ms)
  [1m[36mActiveRecord::SchemaMigration Load (0.1ms)[0m  [1mSELECT "schema_migrations".* FROM "schema_migrations"[0m
  [1m[35mActiveRecord::SchemaMigration Load (0.1ms)[0m  SELECT "schema_migrations".* FROM "schema_migrations"
  [1m[36m (11.2ms)[0m  [1mCREATE TABLE "movies" ("id" INTEGER PRIMARY KEY AUTOINCREMENT NOT NULL, "title" varchar, "rating" varchar, "description" text, "release_date" datetime, "created_at" datetime, "updated_at" datetime, "director" varchar) [0m
  [1m[35m (11.1ms)[0m  CREATE TABLE "schema_migrations" ("version" varchar NOT NULL) 
  [1m[36m (0.2ms)[0m  [1mselect sqlite_version(*)[0m
  [1m[35m (11.3ms)[0m  CREATE UNIQUE INDEX "unique_schema_migrations" ON "schema_migrations" ("version")
  [1m[36m (0.2ms)[0m  [1mSELECT version FROM "schema_migrations"[0m
  [1m[35m (10.2ms)[0m  INSERT INTO "schema_migrations" (version) VALUES ('20170407143731')
  [1m[36m (10.8ms)[0m  [1mINSERT INTO "schema_migrations" (version) VALUES ('20111119180638')[0m


Started GET "/movies/new" for 152.15.113.6 at 2017-04-07 15:23:42 +0000
Processing by MoviesController#new as HTML
  Rendered movies/new.html.haml within layouts/application (25.4ms)
Completed 200 OK in 292ms (Views: 291.5ms | ActiveRecord: 0.0ms)


Started GET "/movies/new" for 152.15.113.6 at 2017-04-07 15:25:13 +0000
Processing by MoviesController#new as HTML
  Rendered movies/new.html.haml within layouts/application (3.6ms)
Completed 200 OK in 15ms (Views: 14.3ms | ActiveRecord: 0.0ms)


Started GET "/movies" for 152.15.113.6 at 2017-04-07 15:25:21 +0000
Processing by MoviesController#index as HTML
Redirected to https://itsc3155-am-amberkc.c9users.io/movies?ratings%5BG%5D=1&ratings%5BNC-17%5D=1&ratings%5BPG%5D=1&ratings%5BPG-13%5D=1&ratings%5BR%5D=1&sort=title
Completed 302 Found in 30ms (ActiveRecord: 0.0ms)


Started GET "/movies?ratings%5BG%5D=1&ratings%5BNC-17%5D=1&ratings%5BPG%5D=1&ratings%5BPG-13%5D=1&ratings%5BR%5D=1&sort=title" for 152.15.113.6 at 2017-04-07 15:25:21 +0000
Processing by MoviesController#index as HTML
  Parameters: {"ratings"=>{"G"=>"1", "NC-17"=>"1", "PG"=>"1", "PG-13"=>"1", "R"=>"1"}, "sort"=>"title"}
  [1m[36mMovie Load (0.4ms)[0m  [1mSELECT "movies".* FROM "movies" WHERE "movies"."rating" IN ('G', 'NC-17', 'PG', 'PG-13', 'R')  ORDER BY "movies"."title" ASC[0m
  Rendered movies/index.html.haml within layouts/application (35.5ms)
Completed 200 OK in 76ms (Views: 56.3ms | ActiveRecord: 3.2ms)


Started GET "/movies" for 152.15.113.6 at 2017-04-07 15:25:21 +0000
Processing by MoviesController#index as HTML
Redirected to https://itsc3155-am-amberkc.c9users.io/movies?ratings%5BG%5D=1&ratings%5BNC-17%5D=1&ratings%5BPG%5D=1&ratings%5BPG-13%5D=1&ratings%5BR%5D=1&sort=title
Completed 302 Found in 4ms (ActiveRecord: 0.0ms)


Started GET "/movies?ratings%5BG%5D=1&ratings%5BNC-17%5D=1&ratings%5BPG%5D=1&ratings%5BPG-13%5D=1&ratings%5BR%5D=1&sort=title" for 152.15.113.6 at 2017-04-07 15:25:22 +0000
Processing by MoviesController#index as HTML
  Parameters: {"ratings"=>{"G"=>"1", "NC-17"=>"1", "PG"=>"1", "PG-13"=>"1", "R"=>"1"}, "sort"=>"title"}
  [1m[35mMovie Load (0.4ms)[0m  SELECT "movies".* FROM "movies" WHERE "movies"."rating" IN ('G', 'NC-17', 'PG', 'PG-13', 'R')  ORDER BY "movies"."title" ASC
  Rendered movies/index.html.haml within layouts/application (7.4ms)
Completed 200 OK in 31ms (Views: 29.7ms | ActiveRecord: 0.4ms)


Started GET "/movies/new" for 152.15.113.6 at 2017-04-07 15:25:27 +0000
Processing by MoviesController#new as HTML
  Rendered movies/new.html.haml within layouts/application (7.4ms)
Completed 200 OK in 27ms (Views: 26.9ms | ActiveRecord: 0.0ms)


Started GET "/movies/new" for 152.15.113.6 at 2017-04-07 15:26:57 +0000
Processing by MoviesController#new as HTML
  Rendered movies/new.html.haml within layouts/application (2.2ms)
Completed 500 Internal Server Error in 5ms (ActiveRecord: 0.0ms)

SyntaxError (/home/ubuntu/workspace/hw-acceptance-unit-test-cycle/rottenpotatoes/app/views/movies/new.html.haml:14: syntax error, unexpected tSTRING_BEG, expecting ')'
...lse(( label :movie, :director 'Director'
...                               ^):
  app/views/movies/new.html.haml:14: syntax error, unexpected tSTRING_BEG, expecting ')'


  Rendered /usr/local/rvm/gems/ruby-2.3.0/gems/actionpack-4.2.6/lib/action_dispatch/middleware/templates/rescues/_source.erb (7.7ms)
  Rendered /usr/local/rvm/gems/ruby-2.3.0/gems/actionpack-4.2.6/lib/action_dispatch/middleware/templates/rescues/_trace.html.erb (5.0ms)
  Rendered /usr/local/rvm/gems/ruby-2.3.0/gems/actionpack-4.2.6/lib/action_dispatch/middleware/templates/rescues/_request_and_response.html.erb (2.3ms)
  Rendered /usr/local/rvm/gems/ruby-2.3.0/gems/actionpack-4.2.6/lib/action_dispatch/middleware/templates/rescues/diagnostics.html.erb within rescues/layout (41.0ms)


Started GET "/movies/new" for 152.15.113.6 at 2017-04-07 15:27:27 +0000
Processing by MoviesController#new as HTML
  Rendered movies/new.html.haml within layouts/application (6.5ms)
Completed 200 OK in 19ms (Views: 19.0ms | ActiveRecord: 0.0ms)


Started POST "/movies" for 152.15.113.6 at 2017-04-07 15:28:09 +0000
Processing by MoviesController#create as HTML
  Parameters: {"utf8"=>"✓", "authenticity_token"=>"x0YoRxJYrSA9QFyObC6MnNXnH3KDag1m6KlWEAMwWWggzD56B0OTQGkrq8bElaScH44nvly0LHC/2TtfPVv8Ug==", "movie"=>{"title"=>"Fast 5", "rating"=>"G", "release_date(1i)"=>"2017", "release_date(2i)"=>"4", "release_date(3i)"=>"7", "director"=>"Jimmy Director"}, "commit"=>"Save Changes"}
  [1m[36m (0.8ms)[0m  [1mbegin transaction[0m
  [1m[35mSQL (0.5ms)[0m  INSERT INTO "movies" ("title", "rating", "director", "release_date", "created_at", "updated_at") VALUES (?, ?, ?, ?, ?, ?)  [["title", "Fast 5"], ["rating", "G"], ["director", "Jimmy Director"], ["release_date", "2017-04-07 00:00:00.000000"], ["created_at", "2017-04-07 15:28:09.864630"], ["updated_at", "2017-04-07 15:28:09.864630"]]
  [1m[36m (13.9ms)[0m  [1mcommit transaction[0m
Redirected to https://itsc3155-am-amberkc.c9users.io/movies
Completed 302 Found in 42ms (ActiveRecord: 15.5ms)


Started GET "/movies" for 152.15.113.6 at 2017-04-07 15:28:09 +0000
Processing by MoviesController#index as HTML
Redirected to https://itsc3155-am-amberkc.c9users.io/movies?ratings%5BG%5D=1&ratings%5BNC-17%5D=1&ratings%5BPG%5D=1&ratings%5BPG-13%5D=1&ratings%5BR%5D=1&sort=title
Completed 302 Found in 62ms (ActiveRecord: 0.0ms)


Started GET "/movies?ratings%5BG%5D=1&ratings%5BNC-17%5D=1&ratings%5BPG%5D=1&ratings%5BPG-13%5D=1&ratings%5BR%5D=1&sort=title" for 152.15.113.6 at 2017-04-07 15:28:10 +0000
Processing by MoviesController#index as HTML
  Parameters: {"ratings"=>{"G"=>"1", "NC-17"=>"1", "PG"=>"1", "PG-13"=>"1", "R"=>"1"}, "sort"=>"title"}
  [1m[35mMovie Load (0.5ms)[0m  SELECT "movies".* FROM "movies" WHERE "movies"."rating" IN ('G', 'NC-17', 'PG', 'PG-13', 'R')  ORDER BY "movies"."title" ASC
  Rendered movies/index.html.haml within layouts/application (6.2ms)
Completed 200 OK in 19ms (Views: 17.9ms | ActiveRecord: 0.5ms)


Started GET "/movies/1" for 152.15.113.6 at 2017-04-07 15:28:18 +0000
Processing by MoviesController#show as HTML
  Parameters: {"id"=>"1"}
  [1m[36mMovie Load (0.3ms)[0m  [1mSELECT  "movies".* FROM "movies" WHERE "movies"."id" = ? LIMIT 1[0m  [["id", 1]]
  Rendered movies/show.html.haml within layouts/application (3.4ms)
Completed 200 OK in 17ms (Views: 13.3ms | ActiveRecord: 0.3ms)


Started GET "/movies/1/edit" for 152.15.113.6 at 2017-04-07 15:28:24 +0000
Processing by MoviesController#edit as HTML
  Parameters: {"id"=>"1"}
  [1m[35mMovie Load (0.2ms)[0m  SELECT  "movies".* FROM "movies" WHERE "movies"."id" = ? LIMIT 1  [["id", 1]]
  Rendered movies/edit.html.haml within layouts/application (7.7ms)
Completed 200 OK in 26ms (Views: 24.9ms | ActiveRecord: 0.2ms)


Started PUT "/movies/1" for 152.15.113.6 at 2017-04-07 15:28:30 +0000
Processing by MoviesController#update as HTML
  Parameters: {"utf8"=>"✓", "authenticity_token"=>"EYBkaoYGB9UtQba4cHVDW75zFNFg/jnVDXv4yg5p+If2CnJXkx05tXkqQfDYzmtbdBosHb8gGMNaC5WFMAJdvQ==", "movie"=>{"title"=>"Fast 5", "rating"=>"G", "release_date(1i)"=>"2017", "release_date(2i)"=>"4", "release_date(3i)"=>"8", "director"=>"Jimmy Director"}, "commit"=>"Update Movie Info", "id"=>"1"}
  [1m[36mMovie Load (0.2ms)[0m  [1mSELECT  "movies".* FROM "movies" WHERE "movies"."id" = ? LIMIT 1[0m  [["id", 1]]
  [1m[35m (0.1ms)[0m  begin transaction
  [1m[36mSQL (0.4ms)[0m  [1mUPDATE "movies" SET "release_date" = ?, "updated_at" = ? WHERE "movies"."id" = ?[0m  [["release_date", "2017-04-08 00:00:00.000000"], ["updated_at", "2017-04-07 15:28:30.349887"], ["id", 1]]
  [1m[35m (13.5ms)[0m  commit transaction
Redirected to https://itsc3155-am-amberkc.c9users.io/movies/1
Completed 302 Found in 20ms (ActiveRecord: 14.3ms)


Started GET "/movies/1" for 152.15.113.6 at 2017-04-07 15:28:30 +0000
Processing by MoviesController#show as HTML
  Parameters: {"id"=>"1"}
  [1m[36mMovie Load (0.2ms)[0m  [1mSELECT  "movies".* FROM "movies" WHERE "movies"."id" = ? LIMIT 1[0m  [["id", 1]]
  Rendered movies/show.html.haml within layouts/application (1.3ms)
Completed 200 OK in 13ms (Views: 11.9ms | ActiveRecord: 0.2ms)


Started GET "/movies/1" for 152.15.113.6 at 2017-04-07 15:29:12 +0000
Processing by MoviesController#show as HTML
  Parameters: {"id"=>"1"}
  [1m[35mMovie Load (0.3ms)[0m  SELECT  "movies".* FROM "movies" WHERE "movies"."id" = ? LIMIT 1  [["id", 1]]
  Rendered movies/show.html.haml within layouts/application (6.0ms)
Completed 200 OK in 32ms (Views: 30.8ms | ActiveRecord: 0.3ms)


Started GET "/movies/1" for 152.15.113.6 at 2017-04-07 15:29:18 +0000
Processing by MoviesController#show as HTML
  Parameters: {"id"=>"1"}
  [1m[36mMovie Load (0.2ms)[0m  [1mSELECT  "movies".* FROM "movies" WHERE "movies"."id" = ? LIMIT 1[0m  [["id", 1]]
  Rendered movies/show.html.haml within layouts/application (1.7ms)
Completed 200 OK in 22ms (Views: 20.7ms | ActiveRecord: 0.2ms)


Started GET "/movies" for 152.15.113.6 at 2017-04-07 15:29:26 +0000
Processing by MoviesController#index as HTML
Redirected to https://itsc3155-am-amberkc.c9users.io/movies?ratings%5BG%5D=1&ratings%5BNC-17%5D=1&ratings%5BPG%5D=1&ratings%5BPG-13%5D=1&ratings%5BR%5D=1&sort=title
Completed 302 Found in 1ms (ActiveRecord: 0.0ms)


Started GET "/movies?ratings%5BG%5D=1&ratings%5BNC-17%5D=1&ratings%5BPG%5D=1&ratings%5BPG-13%5D=1&ratings%5BR%5D=1&sort=title" for 152.15.113.6 at 2017-04-07 15:29:26 +0000
Processing by MoviesController#index as HTML
  Parameters: {"ratings"=>{"G"=>"1", "NC-17"=>"1", "PG"=>"1", "PG-13"=>"1", "R"=>"1"}, "sort"=>"title"}
  [1m[35mMovie Load (0.5ms)[0m  SELECT "movies".* FROM "movies" WHERE "movies"."rating" IN ('G', 'NC-17', 'PG', 'PG-13', 'R')  ORDER BY "movies"."title" ASC
  Rendered movies/index.html.haml within layouts/application (4.7ms)
Completed 200 OK in 18ms (Views: 16.1ms | ActiveRecord: 0.5ms)
